


materialPath: C:\Program Files (x86)\Steam\steamapps\common\Counter-Strike Global Offensive\csgo\materials
Loading c:\users\thibault\desktop\de_imagine\de_imagine.vmf
Map revision 3
Material not found!: 
fixing up env_cubemap materials on brush sides...
0...1...2...3...4...5...6...7...8...9...100...1...2...3...4...5...6...7...8...9...10Processing areas...done (0)
Building Faces...done (0)
FixTjuncs...
PruneNodes...
WriteBSP...
done (0)
writing c:\users\thibault\desktop\de_imagine\de_imagine.prt...Building visibility clusters...
AutoVisClustering (threshold=-1) matched 0 leafs.
done (0)
Finding displacement neighbors...
Finding lightmap sample positions...
Displacement Alpha : 0...1...2...3...4...5...6...7...8...9...10
Building Physics collision data...
done (0) (8580 bytes)
Placing detail props : 0...1...2...3...4...5...6...7...8...9...10
Compacting texture/material tables...
Reduced 43 texinfos to 34
Reduced 3 texdatas to 3 (74 bytes to 74)
Writing c:\users\thibault\desktop\de_imagine\de_imagine.bsp
MSG_FILEWRITE - Filesystem was asked to write to 'c:\users\thibault\desktop\de_imagine\de_imagine.bsp', but we don't own that location. Allowing...
0 seconds elapsed



8 threads
reading c:\users\thibault\desktop\de_imagine\de_imagine.bsp
reading c:\users\thibault\desktop\de_imagine\de_imagine.prt
 111 portalclusters
 297 numportals
0...1...2...3...4...5...6...7...8...9...100...1...2...3...4...5...6...7...8...9...10Optimized: 0 visible clusters (0.00%)
Total clusters visible: 9351
Average clusters visible: 84
Building PAS...
Average clusters audible: 111
visdatasize:4047  compressed from 3552
writing c:\users\thibault\desktop\de_imagine\de_imagine.bsp
MSG_FILEWRITE - Filesystem was asked to write to 'c:\users\thibault\desktop\de_imagine\de_imagine.bsp', but we don't own that location. Allowing...
0 seconds elapsed



[Reading texlights from 'lights.rad']
[17 texlights parsed from 'lights.rad']

Loading c:\users\thibault\desktop\de_imagine\de_imagine.bsp
385 faces
848400 square feet [122169648.00 square inches]
0 Displacements
0 Square Feet [0.00 Square Inches]
385 patches before subdivision
zero area child patch
zero area child patch
14541 patches after subdivision
0 direct lights
0.. warning - face vectors parallel to face normal. bad lighting will be produced
 warning - face vectors parallel to face normal. bad lighting will be produced
. warning - face vectors parallel to face normal. bad lighting will be produced
1 warning - face vectors parallel to face normal. bad lighting will be produced
 warning - face vectors parallel to face normal. bad lighting will be produced
. warning - face vectors parallel to face normal. bad lighting will be produced
. warning - face vectors parallel to face normal. bad lighting will be produced
 warning - face vectors parallel to face normal. bad lighting will be produced
. warning - face vectors parallel to face normal. bad lighting will be produced
2...3 warning - face vectors parallel to face normal. bad lighting will be produced
 warning - face vectors parallel to face normal. bad lighting will be produced
. warning - face vectors parallel to face normal. bad lighting will be produced
..4.. warning - face vectors parallel to face normal. bad lighting will be produced
 warning - face vectors parallel to face normal. bad lighting will be produced
. warning - face vectors parallel to face normal. bad lighting will be produced
5 warning - face vectors parallel to face normal. bad lighting will be produced
 warning - face vectors parallel to face normal. bad lighting will be produced
 warning - face vectors parallel to face normal. bad lighting will be produced
 warning - face vectors parallel to face normal. bad lighting will be produced
...6...7... warning - face vectors parallel to face normal. bad lighting will be produced
8 warning - face vectors parallel to face normal. bad lighting will be produced
 warning - face vectors parallel to face normal. bad lighting will be produced
...9 warning - face vectors parallel to face normal. bad lighting will be produced
. warning - face vectors parallel to face normal. bad lighting will be produced
 warning - face vectors parallel to face normal. bad lighting will be produced
. warning - face vectors parallel to face normal. bad lighting will be produced
.100...1...2...3...4...5...6...7...8...9...10transfers 434724, max 217
transfer lists:   3.3 megs
0...1...2...3...4...5...6...7...8...9...10	Bounce #1 added RGB(0, 0, 0)
Build Patch/Sample Hash Table(s).....Done<0.0062 sec>
0.. warning - face vectors parallel to face normal. bad lighting will be produced
. warning - face vectors parallel to face normal. bad lighting will be produced
 warning - face vectors parallel to face normal. bad lighting will be produced
 warning - face vectors parallel to face normal. bad lighting will be produced
 warning - face vectors parallel to face normal. bad lighting will be produced
 warning - face vectors parallel to face normal. bad lighting will be produced
1 warning - face vectors parallel to face normal. bad lighting will be produced
 warning - face vectors parallel to face normal. bad lighting will be produced
 warning - face vectors parallel to face normal. bad lighting will be produced
. warning - face vectors parallel to face normal. bad lighting will be produced
SampleRadial: Punting, Waiting for fix
. warning - face vectors parallel to face normal. bad lighting will be produced
 warning - face vectors parallel to face normal. bad lighting will be produced
 warning - face vectors parallel to face normal. bad lighting will be produced
 warning - face vectors parallel to face normal. bad lighting will be produced
SampleRadial: Punting, Waiting for fix
 warning - face vectors parallel to face normal. bad lighting will be produced
 warning - face vectors parallel to face normal. bad lighting will be produced
 warning - face vectors parallel to face normal. bad lighting will be produced
 warning - face vectors parallel to face normal. bad lighting will be produced
 warning - face vectors parallel to face normal. bad lighting will be produced
 warning - face vectors parallel to face normal. bad lighting will be produced
 warning - face vectors parallel to face normal. bad lighting will be produced
 warning - face vectors parallel to face normal. bad lighting will be produced
 warning - face vectors parallel to face normal. bad lighting will be produced
. warning - face vectors parallel to face normal. bad lighting will be produced
 warning - face vectors parallel to face normal. bad lighting will be produced
 warning - face vectors parallel to face normal. bad lighting will be produced
 warning - face vectors parallel to face normal. bad lighting will be produced
 warning - face vectors parallel to face normal. bad lighting will be produced
2 warning - face vectors parallel to face normal. bad lighting will be produced
 warning - face vectors parallel to face normal. bad lighting will be produced
 warning - face vectors parallel to face normal. bad lighting will be produced
 warning - face vectors parallel to face normal. bad lighting will be produced
 warning - face vectors parallel to face normal. bad lighting will be produced
. warning - face vectors parallel to face normal. bad lighting will be produced
..3 warning - face vectors parallel to face normal. bad lighting will be produced
. warning - face vectors parallel to face normal. bad lighting will be produced
. warning - face vectors parallel to face normal. bad lighting will be produced
 warning - face vectors parallel to face normal. bad lighting will be produced
 warning - face vectors parallel to face normal. bad lighting will be produced
. warning - face vectors parallel to face normal. bad lighting will be produced
 warning - face vectors parallel to face normal. bad lighting will be produced
 warning - face vectors parallel to face normal. bad lighting will be produced
4 warning - face vectors parallel to face normal. bad lighting will be produced
.. warning - face vectors parallel to face normal. bad lighting will be produced
 warning - face vectors parallel to face normal. bad lighting will be produced
. warning - face vectors parallel to face normal. bad lighting will be produced
5 warning - face vectors parallel to face normal. bad lighting will be produced
 warning - face vectors parallel to face normal. bad lighting will be produced
 warning - face vectors parallel to face normal. bad lighting will be produced
 warning - face vectors parallel to face normal. bad lighting will be produced
 warning - face vectors parallel to face normal. bad lighting will be produced
 warning - face vectors parallel to face normal. bad lighting will be produced
 warning - face vectors parallel to face normal. bad lighting will be produced
 warning - face vectors parallel to face normal. bad lighting will be produced
 warning - face vectors parallel to face normal. bad lighting will be produced
 warning - face vectors parallel to face normal. bad lighting will be produced
 warning - face vectors parallel to face normal. bad lighting will be produced
 warning - face vectors parallel to face normal. bad lighting will be produced
 warning - face vectors parallel to face normal. bad lighting will be produced
 warning - face vectors parallel to face normal. bad lighting will be produced
. warning - face vectors parallel to face normal. bad lighting will be produced
 warning - face vectors parallel to face normal. bad lighting will be produced
. warning - face vectors parallel to face normal. bad lighting will be produced
 warning - face vectors parallel to face normal. bad lighting will be produced
 warning - face vectors parallel to face normal. bad lighting will be produced
. warning - face vectors parallel to face normal. bad lighting will be produced
 warning - face vectors parallel to face normal. bad lighting will be produced
 warning - face vectors parallel to face normal. bad lighting will be produced
 warning - face vectors parallel to face normal. bad lighting will be produced
6...7... warning - face vectors parallel to face normal. bad lighting will be produced
 warning - face vectors parallel to face normal. bad lighting will be produced
 warning - face vectors parallel to face normal. bad lighting will be produced
 warning - face vectors parallel to face normal. bad lighting will be produced
8 warning - face vectors parallel to face normal. bad lighting will be produced
. warning - face vectors parallel to face normal. bad lighting will be produced
 warning - face vectors parallel to face normal. bad lighting will be produced
. warning - face vectors parallel to face normal. bad lighting will be produced
 warning - face vectors parallel to face normal. bad lighting will be produced
. warning - face vectors parallel to face normal. bad lighting will be produced
 warning - face vectors parallel to face normal. bad lighting will be produced
9 warning - face vectors parallel to face normal. bad lighting will be produced
 warning - face vectors parallel to face normal. bad lighting will be produced
 warning - face vectors parallel to face normal. bad lighting will be produced
 warning - face vectors parallel to face normal. bad lighting will be produced
. warning - face vectors parallel to face normal. bad lighting will be produced
 warning - face vectors parallel to face normal. bad lighting will be produced
 warning - face vectors parallel to face normal. bad lighting will be produced
 warning - face vectors parallel to face normal. bad lighting will be produced
 warning - face vectors parallel to face normal. bad lighting will be produced
 warning - face vectors parallel to face normal. bad lighting will be produced
 warning - face vectors parallel to face normal. bad lighting will be produced
. warning - face vectors parallel to face normal. bad lighting will be produced
 warning - face vectors parallel to face normal. bad lighting will be produced
 warning - face vectors parallel to face normal. bad lighting will be produced
.10FinalLightFace Done
0 of 0 (0% of) surface lights went in leaf ambient cubes.
0...1...2...3...4...5...6...7...8...9...10Writing leaf ambient...done
Ready to Finish

Object names       Objects/Maxobjs  Memory / Maxmem  Fullness 
------------       ---------------  ---------------  -------- 
models                   1/1024           48/49152    ( 0.1%) 
brushes                 28/8192          336/98304    ( 0.3%) 
brushsides             233/81920        1864/655360   ( 0.3%) 
planes                 362/65536        7240/1310720  ( 0.6%) 
vertexes               528/65536        6336/786432   ( 0.8%) 
nodes                  272/65536        8704/2097152  ( 0.4%) 
texinfos                34/12288        2448/884736   ( 0.3%) 
texdata                  3/4096           96/131072   ( 0.1%) 
dispinfos                0/0               0/0        ( 0.0%) 
disp_verts               0/0               0/0        ( 0.0%) 
disp_tris                0/0               0/0        ( 0.0%) 
disp_multiblend          0/0               0/0        ( 0.0%) 
disp_lmsamples           0/0               0/0        ( 0.0%) 
faces                  385/65536       21560/3670016  ( 0.6%) 
hdr faces              385/65536       21560/3670016  ( 0.6%) 
origfaces               79/65536        4424/3670016  ( 0.1%) 
facebrushes              4/0               8/0        ( 0.0%) 
facebrushlists         385/0            1540/0        ( 0.0%) 
leaves                 274/65536        8768/2097152  ( 0.4%) 
leaffaces              399/65536         798/131072   ( 0.6%) 
leafbrushes            147/65536         294/131072   ( 0.2%) 
areas                    2/1024           16/8192     ( 0.2%) 
surfedges             2068/512000       8272/2048000  ( 0.4%) 
edges                 1103/256000       4412/1024000  ( 0.4%) 
LDR worldlights          0/8192            0/819200   ( 0.0%) 
HDR worldlights          0/8192            0/819200   ( 0.0%) 
leafwaterdata            0/32768           0/393216   ( 0.0%) 
waterstrips             31/32768         310/327680   ( 0.1%) 
waterverts               0/65536           0/786432   ( 0.0%) 
waterindices           456/65536         912/131072   ( 0.7%) 
cubemapsamples           0/1024            0/16384    ( 0.0%) 
overlays                 0/1024            0/360448   ( 0.0%) 
LDR lightdata         [variable]           0/0        ( 0.0%) 
HDR lightdata         [variable]     1657464/0        ( 0.0%) 
visdata               [variable]        4047/16777216 ( 0.0%) 
entdata               [variable]         352/393216   ( 0.1%) 
LDR ambient table      274/65536        1096/262144   ( 0.4%) 
HDR ambient table      274/65536        1096/262144   ( 0.4%) 
LDR leaf ambient       274/65536        7672/1835008  ( 0.4%) 
HDR leaf ambient       703/65536       19684/1835008  ( 1.1%) 
occluders                0/0               0/0        ( 0.0%) 
occluder polygons        0/0               0/0        ( 0.0%) 
occluder vert ind        0/0               0/0        ( 0.0%) 
detail props          [variable]           1/12       ( 8.3%) 
static props          [variable]           1/12       ( 8.3%) 
pakfile               [variable]       74438/0        ( 0.0%) 
physics               [variable]        8580/4194304  ( 0.2%) 
physics terrain       [variable]           2/1048576  ( 0.0%) 

Level flags = 7e

Total triangle count: 982
Writing c:\users\thibault\desktop\de_imagine\de_imagine.bsp
MSG_FILEWRITE - Filesystem was asked to write to 'c:\users\thibault\desktop\de_imagine\de_imagine.bsp', but we don't own that location. Allowing...
1 second elapsed



materialPath: C:\Program Files (x86)\Steam\steamapps\common\Counter-Strike Global Offensive\csgo\materials
Loading c:\users\thibault\desktop\de_imagine\de_imagine.vmf
Map revision 4
Material not found!: 
fixing up env_cubemap materials on brush sides...
0...1...2...3...4...5...6...7...8...9...100...1...2...3...4...5...6...7...8...9...10Processing areas...done (0)
Building Faces...done (0)
FixTjuncs...
PruneNodes...
WriteBSP...
done (0)
writing c:\users\thibault\desktop\de_imagine\de_imagine.prt...Building visibility clusters...
AutoVisClustering (threshold=-1) matched 0 leafs.
done (0)
Finding displacement neighbors...
Finding lightmap sample positions...
Displacement Alpha : 0...1...2...3...4...5...6...7...8...9...10
Building Physics collision data...
done (0) (8580 bytes)
Placing detail props : 0...1...2...3...4...5...6...7...8...9...10
Compacting texture/material tables...
Reduced 43 texinfos to 34
Reduced 3 texdatas to 3 (74 bytes to 74)
Writing c:\users\thibault\desktop\de_imagine\de_imagine.bsp
MSG_FILEWRITE - Filesystem was asked to write to 'c:\users\thibault\desktop\de_imagine\de_imagine.bsp', but we don't own that location. Allowing...
0 seconds elapsed



8 threads
reading c:\users\thibault\desktop\de_imagine\de_imagine.bsp
reading c:\users\thibault\desktop\de_imagine\de_imagine.prt
 111 portalclusters
 297 numportals
0...1...2...3...4...5...6...7...8...9...100...1...2...3...4...5...6...7...8...9...10Optimized: 0 visible clusters (0.00%)
Total clusters visible: 9351
Average clusters visible: 84
Building PAS...
Average clusters audible: 111
visdatasize:4047  compressed from 3552
writing c:\users\thibault\desktop\de_imagine\de_imagine.bsp
MSG_FILEWRITE - Filesystem was asked to write to 'c:\users\thibault\desktop\de_imagine\de_imagine.bsp', but we don't own that location. Allowing...
0 seconds elapsed



[Reading texlights from 'lights.rad']
[17 texlights parsed from 'lights.rad']

Loading c:\users\thibault\desktop\de_imagine\de_imagine.bsp
385 faces
848400 square feet [122169648.00 square inches]
0 Displacements
0 Square Feet [0.00 Square Inches]
385 patches before subdivision
zero area child patch
zero area child patch
14541 patches after subdivision
1 direct lights
0.. warning - face vectors parallel to face normal. bad lighting will be produced
. warning - face vectors parallel to face normal. bad lighting will be produced
1 warning - face vectors parallel to face normal. bad lighting will be produced
 warning - face vectors parallel to face normal. bad lighting will be produced
. warning - face vectors parallel to face normal. bad lighting will be produced
 warning - face vectors parallel to face normal. bad lighting will be produced
. warning - face vectors parallel to face normal. bad lighting will be produced
. warning - face vectors parallel to face normal. bad lighting will be produced
2 warning - face vectors parallel to face normal. bad lighting will be produced
...3 warning - face vectors parallel to face normal. bad lighting will be produced
 warning - face vectors parallel to face normal. bad lighting will be produced
. warning - face vectors parallel to face normal. bad lighting will be produced
..4.. warning - face vectors parallel to face normal. bad lighting will be produced
. warning - face vectors parallel to face normal. bad lighting will be produced
 warning - face vectors parallel to face normal. bad lighting will be produced
5 warning - face vectors parallel to face normal. bad lighting will be produced
 warning - face vectors parallel to face normal. bad lighting will be produced
 warning - face vectors parallel to face normal. bad lighting will be produced
 warning - face vectors parallel to face normal. bad lighting will be produced
...6...7... warning - face vectors parallel to face normal. bad lighting will be produced
 warning - face vectors parallel to face normal. bad lighting will be produced
 warning - face vectors parallel to face normal. bad lighting will be produced
8...9 warning - face vectors parallel to face normal. bad lighting will be produced
 warning - face vectors parallel to face normal. bad lighting will be produced
 warning - face vectors parallel to face normal. bad lighting will be produced
 warning - face vectors parallel to face normal. bad lighting will be produced
...100...1...2...3...4...5...6...7...8...9...10transfers 434724, max 217
transfer lists:   3.3 megs
0...1...2...3...4...5...6...7...8...9...10	Bounce #1 added RGB(105, 37, 9)
0...1...2...3...4...5...6...7...8...9...10	Bounce #2 added RGB(27, 24, 20)
0...1...2...3...4...5...6...7...8...9...10	Bounce #3 added RGB(3, 3, 4)
0...1...2...3...4...5...6...7...8...9...10	Bounce #4 added RGB(1, 1, 2)
0...1...2...3...4...5...6...7...8...9...10	Bounce #5 added RGB(0, 0, 1)
Build Patch/Sample Hash Table(s).....Done<0.0064 sec>
0.. warning - face vectors parallel to face normal. bad lighting will be produced
 warning - face vectors parallel to face normal. bad lighting will be produced
. warning - face vectors parallel to face normal. bad lighting will be produced
 warning - face vectors parallel to face normal. bad lighting will be produced
1 warning - face vectors parallel to face normal. bad lighting will be produced
 warning - face vectors parallel to face normal. bad lighting will be produced
 warning - face vectors parallel to face normal. bad lighting will be produced
 warning - face vectors parallel to face normal. bad lighting will be produced
 warning - face vectors parallel to face normal. bad lighting will be produced
.SampleRadial: Punting, Waiting for fix
 warning - face vectors parallel to face normal. bad lighting will be produced
 warning - face vectors parallel to face normal. bad lighting will be produced
 warning - face vectors parallel to face normal. bad lighting will be produced
 warning - face vectors parallel to face normal. bad lighting will be produced
SampleRadial: Punting, Waiting for fix
. warning - face vectors parallel to face normal. bad lighting will be produced
 warning - face vectors parallel to face normal. bad lighting will be produced
 warning - face vectors parallel to face normal. bad lighting will be produced
 warning - face vectors parallel to face normal. bad lighting will be produced
 warning - face vectors parallel to face normal. bad lighting will be produced
 warning - face vectors parallel to face normal. bad lighting will be produced
. warning - face vectors parallel to face normal. bad lighting will be produced
 warning - face vectors parallel to face normal. bad lighting will be produced
 warning - face vectors parallel to face normal. bad lighting will be produced
 warning - face vectors parallel to face normal. bad lighting will be produced
 warning - face vectors parallel to face normal. bad lighting will be produced
 warning - face vectors parallel to face normal. bad lighting will be produced
 warning - face vectors parallel to face normal. bad lighting will be produced
 warning - face vectors parallel to face normal. bad lighting will be produced
 warning - face vectors parallel to face normal. bad lighting will be produced
 warning - face vectors parallel to face normal. bad lighting will be produced
 warning - face vectors parallel to face normal. bad lighting will be produced
 warning - face vectors parallel to face normal. bad lighting will be produced
 warning - face vectors parallel to face normal. bad lighting will be produced
2 warning - face vectors parallel to face normal. bad lighting will be produced
. warning - face vectors parallel to face normal. bad lighting will be produced
..3 warning - face vectors parallel to face normal. bad lighting will be produced
 warning - face vectors parallel to face normal. bad lighting will be produced
. warning - face vectors parallel to face normal. bad lighting will be produced
 warning - face vectors parallel to face normal. bad lighting will be produced
 warning - face vectors parallel to face normal. bad lighting will be produced
 warning - face vectors parallel to face normal. bad lighting will be produced
 warning - face vectors parallel to face normal. bad lighting will be produced
. warning - face vectors parallel to face normal. bad lighting will be produced
.4. warning - face vectors parallel to face normal. bad lighting will be produced
. warning - face vectors parallel to face normal. bad lighting will be produced
. warning - face vectors parallel to face normal. bad lighting will be produced
 warning - face vectors parallel to face normal. bad lighting will be produced
 warning - face vectors parallel to face normal. bad lighting will be produced
 warning - face vectors parallel to face normal. bad lighting will be produced
 warning - face vectors parallel to face normal. bad lighting will be produced
 warning - face vectors parallel to face normal. bad lighting will be produced
5 warning - face vectors parallel to face normal. bad lighting will be produced
 warning - face vectors parallel to face normal. bad lighting will be produced
 warning - face vectors parallel to face normal. bad lighting will be produced
 warning - face vectors parallel to face normal. bad lighting will be produced
 warning - face vectors parallel to face normal. bad lighting will be produced
. warning - face vectors parallel to face normal. bad lighting will be produced
 warning - face vectors parallel to face normal. bad lighting will be produced
 warning - face vectors parallel to face normal. bad lighting will be produced
. warning - face vectors parallel to face normal. bad lighting will be produced
 warning - face vectors parallel to face normal. bad lighting will be produced
. warning - face vectors parallel to face normal. bad lighting will be produced
 warning - face vectors parallel to face normal. bad lighting will be produced
 warning - face vectors parallel to face normal. bad lighting will be produced
 warning - face vectors parallel to face normal. bad lighting will be produced
6 warning - face vectors parallel to face normal. bad lighting will be produced
 warning - face vectors parallel to face normal. bad lighting will be produced
. warning - face vectors parallel to face normal. bad lighting will be produced
. warning - face vectors parallel to face normal. bad lighting will be produced
. warning - face vectors parallel to face normal. bad lighting will be produced
7... warning - face vectors parallel to face normal. bad lighting will be produced
 warning - face vectors parallel to face normal. bad lighting will be produced
 warning - face vectors parallel to face normal. bad lighting will be produced
8 warning - face vectors parallel to face normal. bad lighting will be produced
. warning - face vectors parallel to face normal. bad lighting will be produced
 warning - face vectors parallel to face normal. bad lighting will be produced
 warning - face vectors parallel to face normal. bad lighting will be produced
 warning - face vectors parallel to face normal. bad lighting will be produced
 warning - face vectors parallel to face normal. bad lighting will be produced
. warning - face vectors parallel to face normal. bad lighting will be produced
 warning - face vectors parallel to face normal. bad lighting will be produced
 warning - face vectors parallel to face normal. bad lighting will be produced
.9 warning - face vectors parallel to face normal. bad lighting will be produced
. warning - face vectors parallel to face normal. bad lighting will be produced
 warning - face vectors parallel to face normal. bad lighting will be produced
 warning - face vectors parallel to face normal. bad lighting will be produced
 warning - face vectors parallel to face normal. bad lighting will be produced
 warning - face vectors parallel to face normal. bad lighting will be produced
 warning - face vectors parallel to face normal. bad lighting will be produced
 warning - face vectors parallel to face normal. bad lighting will be produced
 warning - face vectors parallel to face normal. bad lighting will be produced
. warning - face vectors parallel to face normal. bad lighting will be produced
 warning - face vectors parallel to face normal. bad lighting will be produced
 warning - face vectors parallel to face normal. bad lighting will be produced
. warning - face vectors parallel to face normal. bad lighting will be produced
10FinalLightFace Done
0 of 0 (0% of) surface lights went in leaf ambient cubes.
0...1...2...3...4...5...6...7...8...9...10Writing leaf ambient...done
Ready to Finish

Object names       Objects/Maxobjs  Memory / Maxmem  Fullness 
------------       ---------------  ---------------  -------- 
models                   1/1024           48/49152    ( 0.1%) 
brushes                 28/8192          336/98304    ( 0.3%) 
brushsides             233/81920        1864/655360   ( 0.3%) 
planes                 362/65536        7240/1310720  ( 0.6%) 
vertexes               528/65536        6336/786432   ( 0.8%) 
nodes                  272/65536        8704/2097152  ( 0.4%) 
texinfos                34/12288        2448/884736   ( 0.3%) 
texdata                  3/4096           96/131072   ( 0.1%) 
dispinfos                0/0               0/0        ( 0.0%) 
disp_verts               0/0               0/0        ( 0.0%) 
disp_tris                0/0               0/0        ( 0.0%) 
disp_multiblend          0/0               0/0        ( 0.0%) 
disp_lmsamples           0/0               0/0        ( 0.0%) 
faces                  385/65536       21560/3670016  ( 0.6%) 
hdr faces              385/65536       21560/3670016  ( 0.6%) 
origfaces               79/65536        4424/3670016  ( 0.1%) 
facebrushes              4/0               8/0        ( 0.0%) 
facebrushlists         385/0            1540/0        ( 0.0%) 
leaves                 274/65536        8768/2097152  ( 0.4%) 
leaffaces              399/65536         798/131072   ( 0.6%) 
leafbrushes            147/65536         294/131072   ( 0.2%) 
areas                    2/1024           16/8192     ( 0.2%) 
surfedges             2068/512000       8272/2048000  ( 0.4%) 
edges                 1103/256000       4412/1024000  ( 0.4%) 
LDR worldlights          0/8192            0/819200   ( 0.0%) 
HDR worldlights          1/8192          100/819200   ( 0.0%) 
leafwaterdata            0/32768           0/393216   ( 0.0%) 
waterstrips             31/32768         310/327680   ( 0.1%) 
waterverts               0/65536           0/786432   ( 0.0%) 
waterindices           456/65536         912/131072   ( 0.7%) 
cubemapsamples           0/1024            0/16384    ( 0.0%) 
overlays                 0/1024            0/360448   ( 0.0%) 
LDR lightdata         [variable]           0/0        ( 0.0%) 
HDR lightdata         [variable]     1657464/0        ( 0.0%) 
visdata               [variable]        4047/16777216 ( 0.0%) 
entdata               [variable]         682/393216   ( 0.2%) 
LDR ambient table      274/65536        1096/262144   ( 0.4%) 
HDR ambient table      274/65536        1096/262144   ( 0.4%) 
LDR leaf ambient       274/65536        7672/1835008  ( 0.4%) 
HDR leaf ambient       896/65536       25088/1835008  ( 1.4%) 
occluders                0/0               0/0        ( 0.0%) 
occluder polygons        0/0               0/0        ( 0.0%) 
occluder vert ind        0/0               0/0        ( 0.0%) 
detail props          [variable]           1/12       ( 8.3%) 
static props          [variable]           1/12       ( 8.3%) 
pakfile               [variable]       74438/0        ( 0.0%) 
physics               [variable]        8580/4194304  ( 0.2%) 
physics terrain       [variable]           2/1048576  ( 0.0%) 

Level flags = 7e

Total triangle count: 982
Writing c:\users\thibault\desktop\de_imagine\de_imagine.bsp
MSG_FILEWRITE - Filesystem was asked to write to 'c:\users\thibault\desktop\de_imagine\de_imagine.bsp', but we don't own that location. Allowing...
1 second elapsed



materialPath: C:\Program Files (x86)\Steam\steamapps\common\Counter-Strike Global Offensive\csgo\materials
Loading c:\users\thibault\desktop\de_imagine\de_imagine.vmf
Map revision 5
fixing up env_cubemap materials on brush sides...
0...1...2...3...4...5...6...7...8...9...100...1...2...3...4...5...6...7...8...9...10Processing areas...done (0)
Building Faces...done (0)
FixTjuncs...
PruneNodes...
WriteBSP...
done (0)
writing c:\users\thibault\desktop\de_imagine\de_imagine.prt...Building visibility clusters...
AutoVisClustering (threshold=-1) matched 0 leafs.
done (0)
Finding displacement neighbors...
Finding lightmap sample positions...
Displacement Alpha : 0...1...2...3...4...5...6...7...8...9...10
Building Physics collision data...
done (0) (8554 bytes)
Placing detail props : 0...1...2...3...4...5...6...7...8...9...10
Compacting texture/material tables...
Reduced 44 texinfos to 37
Reduced 1 texdatas to 1 (46 bytes to 46)
Writing c:\users\thibault\desktop\de_imagine\de_imagine.bsp
MSG_FILEWRITE - Filesystem was asked to write to 'c:\users\thibault\desktop\de_imagine\de_imagine.bsp', but we don't own that location. Allowing...
0 seconds elapsed



8 threads
reading c:\users\thibault\desktop\de_imagine\de_imagine.bsp
reading c:\users\thibault\desktop\de_imagine\de_imagine.prt
 111 portalclusters
 297 numportals
0...1...2...3...4...5...6...7...8...9...100...1...2...3...4...5...6...7...8...9...10Optimized: 0 visible clusters (0.00%)
Total clusters visible: 9351
Average clusters visible: 84
Building PAS...
Average clusters audible: 111
visdatasize:4047  compressed from 3552
writing c:\users\thibault\desktop\de_imagine\de_imagine.bsp
MSG_FILEWRITE - Filesystem was asked to write to 'c:\users\thibault\desktop\de_imagine\de_imagine.bsp', but we don't own that location. Allowing...
0 seconds elapsed



[Reading texlights from 'lights.rad']
[17 texlights parsed from 'lights.rad']

Loading c:\users\thibault\desktop\de_imagine\de_imagine.bsp
1069 faces
848402 square feet [122169952.00 square inches]
0 Displacements
0 Square Feet [0.00 Square Inches]
1069 patches before subdivision
zero area child patch
zero area child patch
72005 patches after subdivision
1 direct lights
0...1...2...3...4...5...6...7...8...9...100...1...2...3...4...5...6...7...8...9...10transfers 23504895, max 960
transfer lists: 179.3 megs
0...1...2...3...4...5...6...7...8...9...10	Bounce #1 added RGB(1205, 381, 52)
0...1...2...3...4...5...6...7...8...9...10	Bounce #2 added RGB(871, 87, 2)
0...1...2...3...4...5...6...7...8...9...10	Bounce #3 added RGB(604, 19, 0)
0...1...2...3...4...5...6...7...8...9...10	Bounce #4 added RGB(438, 4, 0)
0...1...2...3...4...5...6...7...8...9...10	Bounce #5 added RGB(313, 1, 0)
0...1...2...3...4...5...6...7...8...9...10	Bounce #6 added RGB(226, 0, 0)
0...1...2...3...4...5...6...7...8...9...10	Bounce #7 added RGB(163, 0, 0)
0...1...2...3...4...5...6...7...8...9...10	Bounce #8 added RGB(117, 0, 0)
0...1...2...3...4...5...6...7...8...9...10	Bounce #9 added RGB(85, 0, 0)
0...1...2...3...4...5...6...7...8...9...10	Bounce #10 added RGB(61, 0, 0)
0...1...2...3...4...5...6...7...8...9...10	Bounce #11 added RGB(44, 0, 0)
0...1...2...3...4...5...6...7...8...9...10	Bounce #12 added RGB(32, 0, 0)
0...1...2...3...4...5...6...7...8...9...10	Bounce #13 added RGB(23, 0, 0)
0...1...2...3...4...5...6...7...8...9...10	Bounce #14 added RGB(16, 0, 0)
0...1...2...3...4...5...6...7...8...9...10	Bounce #15 added RGB(12, 0, 0)
0...1...2...3...4...5...6...7...8...9...10	Bounce #16 added RGB(9, 0, 0)
0...1...2...3...4...5...6...7...8...9...10	Bounce #17 added RGB(6, 0, 0)
0...1...2...3...4...5...6...7...8...9...10	Bounce #18 added RGB(4, 0, 0)
0...1...2...3...4...5...6...7...8...9...10	Bounce #19 added RGB(3, 0, 0)
0...1...2...3...4...5...6...7...8...9...10	Bounce #20 added RGB(2, 0, 0)
0...1...2...3...4...5...6...7...8...9...10	Bounce #21 added RGB(2, 0, 0)
0...1...2...3...4...5...6...7...8...9...10	Bounce #22 added RGB(1, 0, 0)
0...1...2...3...4...5...6...7...8...9...10	Bounce #23 added RGB(1, 0, 0)
Build Patch/Sample Hash Table(s).....Done<0.0458 sec>
0...1...2...3...4...5...6...7...8...9...10FinalLightFace Done
0 of 0 (0% of) surface lights went in leaf ambient cubes.
0...1...2...3...4...5...6...7...8...9...10Writing leaf ambient...done
Ready to Finish

Object names       Objects/Maxobjs  Memory / Maxmem  Fullness 
------------       ---------------  ---------------  -------- 
models                   1/1024           48/49152    ( 0.1%) 
brushes                 28/8192          336/98304    ( 0.3%) 
brushsides             233/81920        1864/655360   ( 0.3%) 
planes                 362/65536        7240/1310720  ( 0.6%) 
vertexes              1258/65536       15096/786432   ( 1.9%) 
nodes                  272/65536        8704/2097152  ( 0.4%) 
texinfos                37/12288        2664/884736   ( 0.3%) 
texdata                  1/4096           32/131072   ( 0.0%) 
dispinfos                0/0               0/0        ( 0.0%) 
disp_verts               0/0               0/0        ( 0.0%) 
disp_tris                0/0               0/0        ( 0.0%) 
disp_multiblend          0/0               0/0        ( 0.0%) 
disp_lmsamples           0/0               0/0        ( 0.0%) 
faces                 1069/65536       59864/3670016  ( 1.6%) 
hdr faces             1069/65536       59864/3670016  ( 1.6%) 
origfaces               79/65536        4424/3670016  ( 0.1%) 
facebrushes              4/0               8/0        ( 0.0%) 
facebrushlists        1069/0            4276/0        ( 0.0%) 
leaves                 274/65536        8768/2097152  ( 0.4%) 
leaffaces             1179/65536        2358/131072   ( 1.8%) 
leafbrushes            147/65536         294/131072   ( 0.2%) 
areas                    2/1024           16/8192     ( 0.2%) 
surfedges             4896/512000      19584/2048000  ( 1.0%) 
edges                 2517/256000      10068/1024000  ( 1.0%) 
LDR worldlights          0/8192            0/819200   ( 0.0%) 
HDR worldlights          1/8192          100/819200   ( 0.0%) 
leafwaterdata            0/32768           0/393216   ( 0.0%) 
waterstrips             41/32768         410/327680   ( 0.1%) 
waterverts               0/65536           0/786432   ( 0.0%) 
waterindices           594/65536        1188/131072   ( 0.9%) 
cubemapsamples           0/1024            0/16384    ( 0.0%) 
overlays                 0/1024            0/360448   ( 0.0%) 
LDR lightdata         [variable]           0/0        ( 0.0%) 
HDR lightdata         [variable]    10965796/0        ( 0.0%) 
visdata               [variable]        4047/16777216 ( 0.0%) 
entdata               [variable]         682/393216   ( 0.2%) 
LDR ambient table      274/65536        1096/262144   ( 0.4%) 
HDR ambient table      274/65536        1096/262144   ( 0.4%) 
LDR leaf ambient       274/65536        7672/1835008  ( 0.4%) 
HDR leaf ambient       812/65536       22736/1835008  ( 1.2%) 
occluders                0/0               0/0        ( 0.0%) 
occluder polygons        0/0               0/0        ( 0.0%) 
occluder vert ind        0/0               0/0        ( 0.0%) 
detail props          [variable]           1/12       ( 8.3%) 
static props          [variable]           1/12       ( 8.3%) 
pakfile               [variable]       74438/0        ( 0.0%) 
physics               [variable]        8554/4194304  ( 0.2%) 
physics terrain       [variable]           2/1048576  ( 0.0%) 

Level flags = 7e

Total triangle count: 2442
Writing c:\users\thibault\desktop\de_imagine\de_imagine.bsp
MSG_FILEWRITE - Filesystem was asked to write to 'c:\users\thibault\desktop\de_imagine\de_imagine.bsp', but we don't own that location. Allowing...
16 seconds elapsed



materialPath: C:\Program Files (x86)\Steam\steamapps\common\Counter-Strike Global Offensive\csgo\materials
Loading c:\users\thibault\desktop\de_imagine\de_imagine.vmf
Map revision 6
fixing up env_cubemap materials on brush sides...
0...1...2...3...4...5...6...7...8...9...100...1...2...3...4...5...6...7...8...9...10Processing areas...done (0)
Building Faces...done (0)
FixTjuncs...
PruneNodes...
WriteBSP...
done (0)
writing c:\users\thibault\desktop\de_imagine\de_imagine.prt...Building visibility clusters...
AutoVisClustering (threshold=-1) matched 0 leafs.
done (0)
Finding displacement neighbors...
Finding lightmap sample positions...
Displacement Alpha : 0...1...2...3...4...5...6...7...8...9...10
Building Physics collision data...
done (0) (8575 bytes)
Placing detail props : 0...1...2...3...4...5...6...7...8...9...10
Compacting texture/material tables...
Reduced 47 texinfos to 38
Reduced 2 texdatas to 2 (64 bytes to 64)
Writing c:\users\thibault\desktop\de_imagine\de_imagine.bsp
MSG_FILEWRITE - Filesystem was asked to write to 'c:\users\thibault\desktop\de_imagine\de_imagine.bsp', but we don't own that location. Allowing...
0 seconds elapsed



8 threads
reading c:\users\thibault\desktop\de_imagine\de_imagine.bsp
reading c:\users\thibault\desktop\de_imagine\de_imagine.prt
 111 portalclusters
 297 numportals
0...1...2...3...4...5...6...7...8...9...100...1...2...3...4...5...6...7...8...9...10Optimized: 0 visible clusters (0.00%)
Total clusters visible: 9351
Average clusters visible: 84
Building PAS...
Average clusters audible: 111
visdatasize:4047  compressed from 3552
writing c:\users\thibault\desktop\de_imagine\de_imagine.bsp
MSG_FILEWRITE - Filesystem was asked to write to 'c:\users\thibault\desktop\de_imagine\de_imagine.bsp', but we don't own that location. Allowing...
0 seconds elapsed



[Reading texlights from 'lights.rad']
[17 texlights parsed from 'lights.rad']

Loading c:\users\thibault\desktop\de_imagine\de_imagine.bsp
385 faces
848400 square feet [122169648.00 square inches]
0 Displacements
0 Square Feet [0.00 Square Inches]
385 patches before subdivision
zero area child patch
zero area child patch
14541 patches after subdivision
1 direct lights
0...1...2...3...4...5...6...7...8...9...100...1...2...3...4...5...6...7...8...9...10transfers 114902, max 216
transfer lists:   0.9 megs
0...1...2...3...4...5...6...7...8...9...10	Bounce #1 added RGB(119, 38, 5)
0...1...2...3...4...5...6...7...8...9...10	Bounce #2 added RGB(28, 3, 0)
0...1...2...3...4...5...6...7...8...9...10	Bounce #3 added RGB(7, 0, 0)
0...1...2...3...4...5...6...7...8...9...10	Bounce #4 added RGB(2, 0, 0)
0...1...2...3...4...5...6...7...8...9...10	Bounce #5 added RGB(1, 0, 0)
Build Patch/Sample Hash Table(s).....Done<0.0082 sec>
0...1...2...3...4...5...6...7...8...9...10FinalLightFace Done
0 of 0 (0% of) surface lights went in leaf ambient cubes.
0...1...2...3...4...5...6...7...8...9...10Writing leaf ambient...done
Ready to Finish

Object names       Objects/Maxobjs  Memory / Maxmem  Fullness 
------------       ---------------  ---------------  -------- 
models                   1/1024           48/49152    ( 0.1%) 
brushes                 28/8192          336/98304    ( 0.3%) 
brushsides             233/81920        1864/655360   ( 0.3%) 
planes                 362/65536        7240/1310720  ( 0.6%) 
vertexes               542/65536        6504/786432   ( 0.8%) 
nodes                  272/65536        8704/2097152  ( 0.4%) 
texinfos                38/12288        2736/884736   ( 0.3%) 
texdata                  2/4096           64/131072   ( 0.0%) 
dispinfos                0/0               0/0        ( 0.0%) 
disp_verts               0/0               0/0        ( 0.0%) 
disp_tris                0/0               0/0        ( 0.0%) 
disp_multiblend          0/0               0/0        ( 0.0%) 
disp_lmsamples           0/0               0/0        ( 0.0%) 
faces                  385/65536       21560/3670016  ( 0.6%) 
hdr faces              385/65536       21560/3670016  ( 0.6%) 
origfaces               79/65536        4424/3670016  ( 0.1%) 
facebrushes              4/0               8/0        ( 0.0%) 
facebrushlists         385/0            1540/0        ( 0.0%) 
leaves                 274/65536        8768/2097152  ( 0.4%) 
leaffaces              399/65536         798/131072   ( 0.6%) 
leafbrushes            147/65536         294/131072   ( 0.2%) 
areas                    2/1024           16/8192     ( 0.2%) 
surfedges             2096/512000       8384/2048000  ( 0.4%) 
edges                 1117/256000       4468/1024000  ( 0.4%) 
LDR worldlights          0/8192            0/819200   ( 0.0%) 
HDR worldlights          1/8192          100/819200   ( 0.0%) 
leafwaterdata            0/32768           0/393216   ( 0.0%) 
waterstrips             41/32768         410/327680   ( 0.1%) 
waterverts               0/65536           0/786432   ( 0.0%) 
waterindices           594/65536        1188/131072   ( 0.9%) 
cubemapsamples           0/1024            0/16384    ( 0.0%) 
overlays                 0/1024            0/360448   ( 0.0%) 
LDR lightdata         [variable]           0/0        ( 0.0%) 
HDR lightdata         [variable]     1802284/0        ( 0.0%) 
visdata               [variable]        4047/16777216 ( 0.0%) 
entdata               [variable]         679/393216   ( 0.2%) 
LDR ambient table      274/65536        1096/262144   ( 0.4%) 
HDR ambient table      274/65536        1096/262144   ( 0.4%) 
LDR leaf ambient       274/65536        7672/1835008  ( 0.4%) 
HDR leaf ambient       430/65536       12040/1835008  ( 0.7%) 
occluders                0/0               0/0        ( 0.0%) 
occluder polygons        0/0               0/0        ( 0.0%) 
occluder vert ind        0/0               0/0        ( 0.0%) 
detail props          [variable]           1/12       ( 8.3%) 
static props          [variable]           1/12       ( 8.3%) 
pakfile               [variable]       74438/0        ( 0.0%) 
physics               [variable]        8575/4194304  ( 0.2%) 
physics terrain       [variable]           2/1048576  ( 0.0%) 

Level flags = 7e

Total triangle count: 1010
Writing c:\users\thibault\desktop\de_imagine\de_imagine.bsp
MSG_FILEWRITE - Filesystem was asked to write to 'c:\users\thibault\desktop\de_imagine\de_imagine.bsp', but we don't own that location. Allowing...
2 seconds elapsed



materialPath: C:\Program Files (x86)\Steam\steamapps\common\Counter-Strike Global Offensive\csgo\materials
Loading c:\users\thibault\desktop\de_imagine\de_imagine.vmf
Map revision 7
fixing up env_cubemap materials on brush sides...
0...1...2...3...4...5...6...7...8...9...100...1...2...3...4...5...6...7...8...9...10Processing areas...done (0)
Building Faces...done (0)
FixTjuncs...
PruneNodes...
WriteBSP...
done (0)
writing c:\users\thibault\desktop\de_imagine\de_imagine.prt...Building visibility clusters...
AutoVisClustering (threshold=-1) matched 0 leafs.
done (0)
Finding displacement neighbors...
Finding lightmap sample positions...
Displacement Alpha : 0...1...2...3...4...5...6...7...8...9...10
Building Physics collision data...
done (0) (8575 bytes)
Placing detail props : 0...1...2...3...4...5...6...7...8...9...10
Compacting texture/material tables...
Reduced 47 texinfos to 38
Reduced 2 texdatas to 2 (64 bytes to 64)
Writing c:\users\thibault\desktop\de_imagine\de_imagine.bsp
MSG_FILEWRITE - Filesystem was asked to write to 'c:\users\thibault\desktop\de_imagine\de_imagine.bsp', but we don't own that location. Allowing...
0 seconds elapsed



8 threads
reading c:\users\thibault\desktop\de_imagine\de_imagine.bsp
reading c:\users\thibault\desktop\de_imagine\de_imagine.prt
 111 portalclusters
 297 numportals
0...1...2...3...4...5...6...7...8...9...100...1...2...3...4...5...6...7...8...9...10Optimized: 0 visible clusters (0.00%)
Total clusters visible: 9351
Average clusters visible: 84
Building PAS...
Average clusters audible: 111
visdatasize:4047  compressed from 3552
writing c:\users\thibault\desktop\de_imagine\de_imagine.bsp
MSG_FILEWRITE - Filesystem was asked to write to 'c:\users\thibault\desktop\de_imagine\de_imagine.bsp', but we don't own that location. Allowing...
0 seconds elapsed



[Reading texlights from 'lights.rad']
[17 texlights parsed from 'lights.rad']

Loading c:\users\thibault\desktop\de_imagine\de_imagine.bsp
385 faces
848400 square feet [122169648.00 square inches]
0 Displacements
0 Square Feet [0.00 Square Inches]
385 patches before subdivision
zero area child patch
zero area child patch
14541 patches after subdivision
2 direct lights
0...1...2...3...4...5...6...7...8...9...100...1...2...3...4...5...6...7...8...9...10transfers 114902, max 216
transfer lists:   0.9 megs
0...1...2...3...4...5...6...7...8...9...10	Bounce #1 added RGB(20440, 6473, 888)
0...1...2...3...4...5...6...7...8...9...10	Bounce #2 added RGB(5521, 554, 10)
0...1...2...3...4...5...6...7...8...9...10	Bounce #3 added RGB(1097, 35, 0)
0...1...2...3...4...5...6...7...8...9...10	Bounce #4 added RGB(306, 3, 0)
0...1...2...3...4...5...6...7...8...9...10	Bounce #5 added RGB(72, 0, 0)
0...1...2...3...4...5...6...7...8...9...10	Bounce #6 added RGB(21, 0, 0)
0...1...2...3...4...5...6...7...8...9...10	Bounce #7 added RGB(6, 0, 0)
0...1...2...3...4...5...6...7...8...9...10	Bounce #8 added RGB(2, 0, 0)
0...1...2...3...4...5...6...7...8...9...10	Bounce #9 added RGB(1, 0, 0)
Build Patch/Sample Hash Table(s).....Done<0.0065 sec>
0...1...2...3...4...5...6...7...8...9...10FinalLightFace Done
0 of 0 (0% of) surface lights went in leaf ambient cubes.
0...1...2...3...4...5...6...7...8...9...10Writing leaf ambient...done
Ready to Finish

Object names       Objects/Maxobjs  Memory / Maxmem  Fullness 
------------       ---------------  ---------------  -------- 
models                   1/1024           48/49152    ( 0.1%) 
brushes                 28/8192          336/98304    ( 0.3%) 
brushsides             233/81920        1864/655360   ( 0.3%) 
planes                 362/65536        7240/1310720  ( 0.6%) 
vertexes               542/65536        6504/786432   ( 0.8%) 
nodes                  272/65536        8704/2097152  ( 0.4%) 
texinfos                38/12288        2736/884736   ( 0.3%) 
texdata                  2/4096           64/131072   ( 0.0%) 
dispinfos                0/0               0/0        ( 0.0%) 
disp_verts               0/0               0/0        ( 0.0%) 
disp_tris                0/0               0/0        ( 0.0%) 
disp_multiblend          0/0               0/0        ( 0.0%) 
disp_lmsamples           0/0               0/0        ( 0.0%) 
faces                  385/65536       21560/3670016  ( 0.6%) 
hdr faces              385/65536       21560/3670016  ( 0.6%) 
origfaces               79/65536        4424/3670016  ( 0.1%) 
facebrushes              4/0               8/0        ( 0.0%) 
facebrushlists         385/0            1540/0        ( 0.0%) 
leaves                 274/65536        8768/2097152  ( 0.4%) 
leaffaces              399/65536         798/131072   ( 0.6%) 
leafbrushes            147/65536         294/131072   ( 0.2%) 
areas                    2/1024           16/8192     ( 0.2%) 
surfedges             2096/512000       8384/2048000  ( 0.4%) 
edges                 1117/256000       4468/1024000  ( 0.4%) 
LDR worldlights          0/8192            0/819200   ( 0.0%) 
HDR worldlights          2/8192          200/819200   ( 0.0%) 
leafwaterdata            0/32768           0/393216   ( 0.0%) 
waterstrips             41/32768         410/327680   ( 0.1%) 
waterverts               0/65536           0/786432   ( 0.0%) 
waterindices           594/65536        1188/131072   ( 0.9%) 
cubemapsamples           0/1024            0/16384    ( 0.0%) 
overlays                 0/1024            0/360448   ( 0.0%) 
LDR lightdata         [variable]           0/0        ( 0.0%) 
HDR lightdata         [variable]     1802284/0        ( 0.0%) 
visdata               [variable]        4047/16777216 ( 0.0%) 
entdata               [variable]         640/393216   ( 0.2%) 
LDR ambient table      274/65536        1096/262144   ( 0.4%) 
HDR ambient table      274/65536        1096/262144   ( 0.4%) 
LDR leaf ambient       274/65536        7672/1835008  ( 0.4%) 
HDR leaf ambient      1498/65536       41944/1835008  ( 2.3%) 
occluders                0/0               0/0        ( 0.0%) 
occluder polygons        0/0               0/0        ( 0.0%) 
occluder vert ind        0/0               0/0        ( 0.0%) 
detail props          [variable]           1/12       ( 8.3%) 
static props          [variable]           1/12       ( 8.3%) 
pakfile               [variable]       74438/0        ( 0.0%) 
physics               [variable]        8575/4194304  ( 0.2%) 
physics terrain       [variable]           2/1048576  ( 0.0%) 

Level flags = 7e

Total triangle count: 1010
Writing c:\users\thibault\desktop\de_imagine\de_imagine.bsp
MSG_FILEWRITE - Filesystem was asked to write to 'c:\users\thibault\desktop\de_imagine\de_imagine.bsp', but we don't own that location. Allowing...
2 seconds elapsed



materialPath: C:\Program Files (x86)\Steam\steamapps\common\Counter-Strike Global Offensive\csgo\materials
Loading c:\users\thibault\desktop\de_imagine\de_imagine.vmf
Map revision 8
fixing up env_cubemap materials on brush sides...
0...1...2...3...4...5...6...7...8...9...100...1...2...3...4...5...6...7...8...9...10Processing areas...done (0)
Building Faces...done (0)
FixTjuncs...
PruneNodes...
WriteBSP...
done (0)
writing c:\users\thibault\desktop\de_imagine\de_imagine.prt...Building visibility clusters...
AutoVisClustering (threshold=-1) matched 0 leafs.
done (0)
Finding displacement neighbors...
Finding lightmap sample positions...
Displacement Alpha : 0...1...2...3...4...5...6...7...8...9...10
Building Physics collision data...
done (0) (8575 bytes)
Placing detail props : 0...1...2...3...4...5...6...7...8...9...10
Compacting texture/material tables...
Reduced 47 texinfos to 38
Reduced 2 texdatas to 2 (64 bytes to 64)
Writing c:\users\thibault\desktop\de_imagine\de_imagine.bsp
MSG_FILEWRITE - Filesystem was asked to write to 'c:\users\thibault\desktop\de_imagine\de_imagine.bsp', but we don't own that location. Allowing...
0 seconds elapsed



8 threads
reading c:\users\thibault\desktop\de_imagine\de_imagine.bsp
reading c:\users\thibault\desktop\de_imagine\de_imagine.prt
 111 portalclusters
 297 numportals
0...1...2...3...4...5...6...7...8...9...100...1...2...3...4...5...6...7...8...9...10Optimized: 0 visible clusters (0.00%)
Total clusters visible: 9363
Average clusters visible: 84
Building PAS...
Average clusters audible: 111
visdatasize:4047  compressed from 3552
writing c:\users\thibault\desktop\de_imagine\de_imagine.bsp
MSG_FILEWRITE - Filesystem was asked to write to 'c:\users\thibault\desktop\de_imagine\de_imagine.bsp', but we don't own that location. Allowing...
0 seconds elapsed



[Reading texlights from 'lights.rad']
[17 texlights parsed from 'lights.rad']

Loading c:\users\thibault\desktop\de_imagine\de_imagine.bsp
385 faces
844387 square feet [121591848.00 square inches]
0 Displacements
0 Square Feet [0.00 Square Inches]
385 patches before subdivision
zero area child patch
14099 patches after subdivision
2 direct lights
0...1...2...3...4...5...6...7...8...9...100...1...2...3...4...5...6...7...8...9...10transfers 78847, max 216
transfer lists:   0.6 megs
0...1...2...3...4...5...6...7...8...9...10	Bounce #1 added RGB(6989, 2213, 304)
0...1...2...3...4...5...6...7...8...9...10	Bounce #2 added RGB(651, 65, 1)
0...1...2...3...4...5...6...7...8...9...10	Bounce #3 added RGB(77, 2, 0)
0...1...2...3...4...5...6...7...8...9...10	Bounce #4 added RGB(9, 0, 0)
0...1...2...3...4...5...6...7...8...9...10	Bounce #5 added RGB(1, 0, 0)
0...1...2...3...4...5...6...7...8...9...10	Bounce #6 added RGB(0, 0, 0)
Build Patch/Sample Hash Table(s).....Done<0.0060 sec>
0...1...2...3...4...5...6...7...8...9...10FinalLightFace Done
0 of 0 (0% of) surface lights went in leaf ambient cubes.
0...1...2...3...4...5...6...7...8...9...10Writing leaf ambient...done
Ready to Finish

Object names       Objects/Maxobjs  Memory / Maxmem  Fullness 
------------       ---------------  ---------------  -------- 
models                   1/1024           48/49152    ( 0.1%) 
brushes                 28/8192          336/98304    ( 0.3%) 
brushsides             234/81920        1872/655360   ( 0.3%) 
planes                 364/65536        7280/1310720  ( 0.6%) 
vertexes               541/65536        6492/786432   ( 0.8%) 
nodes                  272/65536        8704/2097152  ( 0.4%) 
texinfos                38/12288        2736/884736   ( 0.3%) 
texdata                  2/4096           64/131072   ( 0.0%) 
dispinfos                0/0               0/0        ( 0.0%) 
disp_verts               0/0               0/0        ( 0.0%) 
disp_tris                0/0               0/0        ( 0.0%) 
disp_multiblend          0/0               0/0        ( 0.0%) 
disp_lmsamples           0/0               0/0        ( 0.0%) 
faces                  385/65536       21560/3670016  ( 0.6%) 
hdr faces              385/65536       21560/3670016  ( 0.6%) 
origfaces               79/65536        4424/3670016  ( 0.1%) 
facebrushes              4/0               8/0        ( 0.0%) 
facebrushlists         385/0            1540/0        ( 0.0%) 
leaves                 274/65536        8768/2097152  ( 0.4%) 
leaffaces              399/65536         798/131072   ( 0.6%) 
leafbrushes            147/65536         294/131072   ( 0.2%) 
areas                    2/1024           16/8192     ( 0.2%) 
surfedges             2095/512000       8380/2048000  ( 0.4%) 
edges                 1116/256000       4464/1024000  ( 0.4%) 
LDR worldlights          0/8192            0/819200   ( 0.0%) 
HDR worldlights          2/8192          200/819200   ( 0.0%) 
leafwaterdata            0/32768           0/393216   ( 0.0%) 
waterstrips             40/32768         400/327680   ( 0.1%) 
waterverts               0/65536           0/786432   ( 0.0%) 
waterindices           585/65536        1170/131072   ( 0.9%) 
cubemapsamples           0/1024            0/16384    ( 0.0%) 
overlays                 0/1024            0/360448   ( 0.0%) 
LDR lightdata         [variable]           0/0        ( 0.0%) 
HDR lightdata         [variable]     1765884/0        ( 0.0%) 
visdata               [variable]        4047/16777216 ( 0.0%) 
entdata               [variable]         639/393216   ( 0.2%) 
LDR ambient table      274/65536        1096/262144   ( 0.4%) 
HDR ambient table      274/65536        1096/262144   ( 0.4%) 
LDR leaf ambient       274/65536        7672/1835008  ( 0.4%) 
HDR leaf ambient      1474/65536       41272/1835008  ( 2.2%) 
occluders                0/0               0/0        ( 0.0%) 
occluder polygons        0/0               0/0        ( 0.0%) 
occluder vert ind        0/0               0/0        ( 0.0%) 
detail props          [variable]           1/12       ( 8.3%) 
static props          [variable]           1/12       ( 8.3%) 
pakfile               [variable]       74438/0        ( 0.0%) 
physics               [variable]        8575/4194304  ( 0.2%) 
physics terrain       [variable]           2/1048576  ( 0.0%) 

Level flags = 7e

Total triangle count: 1009
Writing c:\users\thibault\desktop\de_imagine\de_imagine.bsp
MSG_FILEWRITE - Filesystem was asked to write to 'c:\users\thibault\desktop\de_imagine\de_imagine.bsp', but we don't own that location. Allowing...
2 seconds elapsed
