PRT1
111
297
4 0 2 (0 5120 -416 ) (0 5120 1952 ) (0 5856 1952 ) (0 5856 -416 ) 
4 0 1 (0 5120 1952 ) (0 5120 -416 ) (608 5120 -416 ) (608 5120 1952 ) 
4 1 18 (608 4096 1952 ) (0 4096 1952 ) (0 4096 -416 ) (608 4096 -416 ) 
4 1 9 (0 4096 -416 ) (0 4096 64 ) (0 5120 64 ) (0 5120 -416 ) 
4 1 6 (0 4096 64 ) (0 4096 80.625000 ) (0 5120 80.625000 ) (0 5120 64 ) 
4 1 4 (0 4096 80.625000 ) (0 4096 1952 ) (0 5120 1952 ) (0 5120 80.625000 ) 
4 2 10 (-512 5120 64 ) (-1024 5120 64 ) (-1024 5120 -416 ) (-512 5120 -416 ) 
4 2 9 (0 5120 -416 ) (0 5120 64 ) (-512 5120 64 ) (-512 5120 -416 ) 
4 2 6 (0 5120 64 ) (0 5120 80.625000 ) (-1024 5120 80.625000 ) (-1024 5120 64 ) 
4 2 4 (0 5120 80.625000 ) (0 5120 1952 ) (-1024 5120 1952 ) (-1024 5120 80.625000 ) 
4 2 3 (-1024 5856 -416 ) (-1024 5120 -416 ) (-1024 5120 1952 ) (-1024 5856 1952 ) 
4 3 49 (-2048 5120 -416 ) (-2048 5120 1952 ) (-2048 5856 1952 ) (-2048 5856 -416 ) 
4 3 16 (-2048 5120 64 ) (-2048 5120 -416 ) (-1024 5120 -416 ) (-1024 5120 64 ) 
4 3 14 (-1850.192017 5120 64 ) (-1024 5120 64 ) (-1024 5120 80.625000 ) (-1850.192139 5120 80.625000 ) 
4 3 13 (-2048 5120 80.625000 ) (-2048 5120 64 ) (-1850.192017 5120 64 ) (-1850.192139 5120 80.625000 ) 
4 3 12 (-2048 5120 1952 ) (-2048 5120 80.625000 ) (-1024 5120 80.625000 ) (-1024 5120 1952 ) 
4 4 21 (-512 4096 1952 ) (-1024 4096 1952 ) (-1024 4096 80.625000 ) (-512 4096 80.625000 ) 
4 4 20 (0 4096 80.625000 ) (0 4096 1952 ) (-512 4096 1952 ) (-512 4096 80.625000 ) 
4 4 12 (-1024 5120 1952 ) (-1024 5120 80.625000 ) (-1024 4096 80.625000 ) (-1024 4096 1952 ) 
4 4 8 (-279.748627 4096 80.625000 ) (-510.645782 4096 80.625000 ) (-843.078918 4303.740234 80.625000 ) (-778.252930 4407.490234 80.625000 ) 
4 4 7 (-1016.079956 4411.850098 80.625000 ) (-1024 4416.799316 80.625000 ) (-1024 4561.045410 80.625000 ) (-951.253967 4515.589844 80.625000 ) 
5 4 6 (0 4096 80.625000 ) (-279.748627 4096 80.625000 ) (-1024 4561.045410 80.625000 ) (-1024 5120 80.625000 ) (0 5120 80.625000 ) 
3 4 5 (-510.645782 4096 80.625000 ) (-1024 4096 80.625000 ) (-1024 4416.799316 80.625000 ) 
4 5 21 (-512 4096 80.625000 ) (-1024 4096 80.625000 ) (-1024 4096 64 ) (-512 4096 64 ) 
4 5 20 (-510.645782 4096 80.625000 ) (-512 4096 80.625000 ) (-512 4096 64 ) (-510.645813 4096 64 ) 
4 5 15 (-1024 4416.799805 64 ) (-1024 4096 64 ) (-1024 4096 80.625000 ) (-1024 4416.799316 80.625000 ) 
3 5 9 (-510.645782 4096 64 ) (-512 4096 64 ) (-512 4096.846191 64 ) 
4 5 8 (-510.643555 4096 64 ) (-843.078369 4303.741211 64 ) (-843.078491 4303.741211 80.625000 ) (-510.643921 4096 80.625000 ) 
4 5 7 (-1016.079468 4411.851074 64 ) (-1024 4416.800781 64 ) (-1024 4416.800781 80.625000 ) (-1016.079529 4411.851074 80.625000 ) 
4 6 20 (0 4096 64 ) (0 4096 80.625000 ) (-279.748627 4096 80.625000 ) (-279.748383 4096 64 ) 
4 6 14 (-1024 5120 80.625000 ) (-1024 5120 64 ) (-1024 4561.044922 64 ) (-1024 4561.045410 80.625000 ) 
4 6 10 (-1024 4800 64 ) (-1024 5120 64 ) (-512 5120 64 ) (-512 4800 64 ) 
5 6 9 (0 4096 64 ) (-279.748627 4096 64 ) (-512 4241.122070 64 ) (-512 5120 64 ) (0 5120 64 ) 
4 6 8 (-778.252136 4407.491699 64 ) (-279.746094 4096 64 ) (-279.746094 4096 80.625000 ) (-778.252319 4407.491211 80.625000 ) 
4 6 7 (-1024 4561.047363 64 ) (-951.253174 4515.591309 64 ) (-951.253174 4515.590820 80.625000 ) (-1024 4561.046875 80.625000 ) 
4 7 15 (-1024 4479.627930 64 ) (-1024 4416.799805 64 ) (-1024 4416.799316 80.625000 ) (-1024 4479.627930 80.625000 ) 
4 7 14 (-1024 4561.044922 64 ) (-1024 4479.627930 64 ) (-1024 4479.627930 80.625000 ) (-1024 4561.045410 80.625000 ) 
4 8 20 (-279.748627 4096 80.625000 ) (-510.645782 4096 80.625000 ) (-510.645813 4096 64 ) (-279.748383 4096 64 ) 
4 8 9 (-279.748627 4096 64 ) (-510.645782 4096 64 ) (-512 4096.846191 64 ) (-512 4241.122070 64 ) 
4 9 22 (0 4096 -416 ) (0 4096 0 ) (-512 4096 0 ) (-512 4096 -416 ) 
4 9 20 (0 4096 0 ) (0 4096 64 ) (-512 4096 64 ) (-512 4096 0 ) 
4 9 11 (-512 4800 -416 ) (-512 4096 -416 ) (-512 4096 0 ) (-512 4800 0 ) 
4 9 10 (-512 5120 -416 ) (-512 4800 -416 ) (-512 4800 64 ) (-512 5120 64 ) 
4 10 16 (-1024 5120 64 ) (-1024 5120 -416 ) (-1024 4800 -416 ) (-1024 4800 64 ) 
4 10 11 (-1024 4800 -416 ) (-512 4800 -416 ) (-512 4800 0 ) (-1024 4800 0 ) 
4 11 22 (-1024 4096 0 ) (-1024 4096 -416 ) (-512 4096 -416 ) (-512 4096 0 ) 
4 11 17 (-1024 4800 -416 ) (-1024 4096 -416 ) (-1024 4096 0 ) (-1024 4800 0 ) 
4 12 51 (-2048 4096 80.625000 ) (-2048 4096 1952 ) (-2048 5120 1952 ) (-2048 5120 80.625000 ) 
4 12 23 (-1024 4096 80.625000 ) (-1024 4096 1952 ) (-2048 4096 1952 ) (-2048 4096 80.625000 ) 
4 12 15 (-1024 4096 80.625000 ) (-1337.956421 4096 80.625000 ) (-1370.619995 4430.919922 80.625000 ) (-1024 4479.627930 80.625000 ) 
4 12 14 (-1745.930054 4378.180176 80.625000 ) (-1850.192017 5120 80.625000 ) (-1024 5120 80.625000 ) (-1024 4479.627930 80.625000 ) 
5 12 13 (-1706.269897 4096 80.625000 ) (-1897.119263 4096 80.625000 ) (-2048 4125.175781 80.625000 ) (-2048 5120 80.625000 ) (-1850.192017 5120 80.625000 ) 
4 13 52 (-2048 4125.175781 80.625000 ) (-2048 5120 80.625000 ) (-2048 5120 64 ) (-2048 4125.175781 64 ) 
4 13 33 (-1845.730957 4096 80.625000 ) (-1897.119263 4096 80.625000 ) (-1897.119263 4096 64 ) (-1845.730957 4096 64 ) 
4 13 29 (-1706.269897 4096 80.625000 ) (-1845.730957 4096 80.625000 ) (-1845.730957 4096 64 ) (-1706.269897 4096 64 ) 
4 13 16 (-2048 4800 64 ) (-2048 5120 64 ) (-1850.192017 5120 64 ) (-1805.216309 4800 64 ) 
4 13 14 (-1745.930664 4378.180176 64 ) (-1850.192627 5120 64 ) (-1850.192627 5120 80.625000 ) (-1745.930664 4378.180176 80.625000 ) 
4 14 16 (-1850.192017 5120 64 ) (-1024 5120 64 ) (-1024 4800 64 ) (-1805.216309 4800 64 ) 
4 14 15 (-1370.619995 4430.919922 64 ) (-1024 4479.627930 64 ) (-1024 4479.627930 80.625000 ) (-1370.619995 4430.919922 80.625000 ) 
4 15 30 (-1024 4096 64 ) (-1024 4096 80.625000 ) (-1337.956421 4096 80.625000 ) (-1337.956421 4096 64 ) 
4 16 54 (-2048 4800 64 ) (-2048 5120 64 ) (-2048 5120 -416 ) (-2048 4800 -416 ) 
4 16 17 (-2048 4800 -416 ) (-1024 4800 -416 ) (-1024 4800 0 ) (-2048 4800 0 ) 
4 17 55 (-2048 4096 -416 ) (-2048 4096 0 ) (-2048 4800 0 ) (-2048 4800 -416 ) 
4 17 35 (-1024 4096 -416 ) (-1024 4096 0 ) (-2048 4096 0 ) (-2048 4096 -416 ) 
4 18 22 (0 3072 -416 ) (0 3072 0 ) (0 4096 0 ) (0 4096 -416 ) 
4 18 20 (0 3072 0 ) (0 3072 1952 ) (0 4096 1952 ) (0 4096 0 ) 
4 18 19 (608 3072 1952 ) (0 3072 1952 ) (0 3072 -416 ) (608 3072 -416 ) 
4 19 46 (608 2048 1952 ) (0 2048 1952 ) (0 2048 -416 ) (608 2048 -416 ) 
4 19 39 (0 2048 -416 ) (0 2048 0 ) (0 3072 0 ) (0 3072 -416 ) 
4 19 36 (0 2048 0 ) (0 2048 1952 ) (0 3072 1952 ) (0 3072 0 ) 
4 20 36 (0 3072 0 ) (0 3072 1952 ) (-512 3072 1952 ) (-512 3072 0 ) 
4 20 22 (0 3072 0 ) (-512 3072 0 ) (-512 4096 0 ) (0 4096 0 ) 
4 20 21 (-512 3072 64 ) (-512 3072 1952 ) (-512 4096 1952 ) (-512 4096 64 ) 
4 21 37 (-512 3072 1952 ) (-1024 3072 1952 ) (-1024 3072 64 ) (-512 3072 64 ) 
4 21 30 (-1024 3773.012207 80.625000 ) (-1024 4096 80.625000 ) (-1024 4096 64 ) (-1024 3773.012207 64 ) 
4 21 28 (-1024 3644.921875 80.625000 ) (-1024 3768.608398 80.625000 ) (-1024 3768.608398 64 ) (-1024 3644.921875 64 ) 
4 21 26 (-1024 3768.608398 80.625000 ) (-1024 3773.012207 80.625000 ) (-1024 3773.012207 64 ) (-1024 3768.608398 64 ) 
4 21 25 (-1024 3218.256592 80.625000 ) (-1024 3644.921875 80.625000 ) (-1024 3644.921875 64 ) (-1024 3218.256592 64 ) 
4 21 24 (-1024 3072 64 ) (-1024 3072 80.625000 ) (-1024 3218.256592 80.625000 ) (-1024 3218.256592 64 ) 
4 21 23 (-1024 3072 80.625000 ) (-1024 3072 1952 ) (-1024 4096 1952 ) (-1024 4096 80.625000 ) 
4 22 39 (0 3072 -416 ) (0 3072 0 ) (-1024 3072 0 ) (-1024 3072 -416 ) 
4 22 35 (-1024 3072 -416 ) (-1024 3072 0 ) (-1024 4096 0 ) (-1024 4096 -416 ) 
4 23 66 (-2048 3072 80.625000 ) (-2048 3072 1952 ) (-2048 4096 1952 ) (-2048 4096 80.625000 ) 
4 23 40 (-2048 3072 1952 ) (-2048 3072 80.625000 ) (-1024 3072 80.625000 ) (-1024 3072 1952 ) 
3 23 33 (-1897.119019 4096 80.625000 ) (-1845.730957 4096 80.625000 ) (-1846.331543 4086.179199 80.625000 ) 
4 23 31 (-2048 3852.981689 80.625000 ) (-2048 3856.869873 80.625000 ) (-1861.053101 3845.439697 80.625000 ) (-1861.402344 3839.728516 80.625000 ) 
4 23 30 (-1337.956421 4096 80.625000 ) (-1024 4096 80.625000 ) (-1024 3773.012207 80.625000 ) (-1300.670166 3713.680176 80.625000 ) 
4 23 29 (-1845.730957 4096 80.625000 ) (-1706.269897 4096 80.625000 ) (-1642.239990 3640.430176 80.625000 ) (-1876.664063 3590.157715 80.625000 ) 
4 23 28 (-1024 3768.608398 80.625000 ) (-1024 3644.921875 80.625000 ) (-1280 3585.689697 80.625000 ) (-1298.650146 3712.010010 80.625000 ) 
4 23 27 (-1563.910034 3520 80.625000 ) (-1885.504517 3445.590576 80.625000 ) (-1876.664063 3590.157715 80.625000 ) (-1592.933350 3651.003906 80.625000 ) 
3 23 26 (-1024 3773.012207 80.625000 ) (-1024 3768.608398 80.625000 ) (-1549.721191 3660.270752 80.625000 ) 
4 23 25 (-1024 3644.921875 80.625000 ) (-1024 3218.256592 80.625000 ) (-1897.139893 3255.319824 80.625000 ) (-1885.504517 3445.590576 80.625000 ) 
4 23 24 (-1024 3072 80.625000 ) (-1856.373291 3072 80.625000 ) (-1924.474121 3256.480225 80.625000 ) (-1024 3218.256592 80.625000 ) 
4 24 41 (-1856.373291 3072 64 ) (-1024 3072 64 ) (-1024 3072 80.625000 ) (-1856.373291 3072 80.625000 ) 
4 24 25 (-1024 3218.256592 64 ) (-1897.139893 3255.319824 64 ) (-1897.140015 3255.319824 80.625000 ) (-1024 3218.256348 80.625000 ) 
4 25 28 (-1024 3644.921875 64 ) (-1280 3585.689697 64 ) (-1280 3585.689697 80.625000 ) (-1024 3644.921875 80.625000 ) 
4 25 27 (-1563.909912 3520 64 ) (-1885.504395 3445.590576 64 ) (-1885.504395 3445.590576 80.625000 ) (-1563.910034 3520 80.625000 ) 
4 26 30 (-1024 3773.013672 64 ) (-1300.670166 3713.681152 64 ) (-1300.670044 3713.679932 80.625000 ) (-1024 3773.012207 80.625000 ) 
4 26 28 (-1298.650146 3712.010498 64 ) (-1024 3768.608643 64 ) (-1024 3768.608643 80.625000 ) (-1298.650146 3712.010498 80.625000 ) 
4 27 32 (-1876.664063 3590.157715 64 ) (-1876.759888 3588.589844 64 ) (-1876.759888 3588.589844 80.625000 ) (-1876.664063 3590.157715 80.625000 ) 
4 27 29 (-1642.239990 3640.430420 64 ) (-1876.664063 3590.157715 64 ) (-1876.664063 3590.157715 80.625000 ) (-1642.239990 3640.430176 80.625000 ) 
4 29 34 (-1846.331543 4086.179199 64 ) (-1861.053101 3845.439697 64 ) (-1861.053101 3845.439697 80.625000 ) (-1846.331543 4086.179199 80.625000 ) 
4 29 33 (-1845.730957 4096 64 ) (-1846.331543 4086.179199 64 ) (-1846.331543 4086.179199 80.625000 ) (-1845.730957 4096 80.625000 ) 
4 29 32 (-1861.402344 3839.728516 64 ) (-1876.664063 3590.157715 64 ) (-1876.664063 3590.157715 80.625000 ) (-1861.402344 3839.728516 80.625000 ) 
4 29 31 (-1861.053101 3845.439697 64 ) (-1861.402344 3839.728516 64 ) (-1861.402344 3839.728516 80.625000 ) (-1861.053101 3845.439697 80.625000 ) 
4 31 77 (-2048 3854.768066 80.625000 ) (-2048 3856.869873 80.625000 ) (-2048 3856.869873 64 ) (-2048 3854.768066 64 ) 
4 31 76 (-2048 3852.981689 80.625000 ) (-2048 3854.768066 80.625000 ) (-2048 3854.768066 64 ) (-2048 3852.981689 64 ) 
4 35 81 (-2048 3072 -416 ) (-2048 3072 0 ) (-2048 4096 0 ) (-2048 4096 -416 ) 
4 35 45 (-2048 3072 0 ) (-2048 3072 -416 ) (-1024 3072 -416 ) (-1024 3072 0 ) 
4 36 47 (0 2048 0 ) (0 2048 1952 ) (-512 2048 1952 ) (-512 2048 0 ) 
4 36 39 (-512 3072 0 ) (0 3072 0 ) (0 2048 0 ) (-512 2048 0 ) 
4 36 37 (-512 2240 64 ) (-512 2240 1952 ) (-512 3072 1952 ) (-512 3072 64 ) 
4 36 38 (-512 2240 0 ) (-512 2048 0 ) (-512 2048 1952 ) (-512 2240 1952 ) 
4 37 41 (-1024 3072 80.625000 ) (-1024 3072 64 ) (-1024 2240 64 ) (-1024 2240 80.625000 ) 
4 37 40 (-1024 3072 1952 ) (-1024 3072 80.625000 ) (-1024 2240 80.625000 ) (-1024 2240 1952 ) 
4 37 38 (-512 2240 64 ) (-512 2240 1952 ) (-1024 2240 1952 ) (-1024 2240 64 ) 
4 38 47 (-512 2048 1952 ) (-1024 2048 1952 ) (-1024 2048 0 ) (-512 2048 0 ) 
4 38 44 (-1024 2240 0 ) (-1024 2048 0 ) (-1024 2048 64 ) (-1024 2240 64 ) 
4 38 41 (-1024 2048 64 ) (-1024 2048 80.625000 ) (-1024 2240 80.625000 ) (-1024 2240 64 ) 
4 38 40 (-1024 2048 80.625000 ) (-1024 2048 1952 ) (-1024 2240 1952 ) (-1024 2240 80.625000 ) 
4 38 39 (-512 2240 0 ) (-512 2048 0 ) (-1024 2048 0 ) (-1024 2240 0 ) 
4 39 47 (0 2048 -416 ) (0 2048 0 ) (-1024 2048 0 ) (-1024 2048 -416 ) 
4 39 45 (-1024 3072 0 ) (-1024 3072 -416 ) (-1024 2048 -416 ) (-1024 2048 0 ) 
4 40 90 (-2048 2048 80.625000 ) (-2048 2048 1952 ) (-2048 3072 1952 ) (-2048 3072 80.625000 ) 
4 40 48 (-2048 2048 1952 ) (-2048 2048 80.625000 ) (-1024 2048 80.625000 ) (-1024 2048 1952 ) 
4 40 43 (-1805.319824 2933.699951 80.625000 ) (-1772.670410 2845.255127 80.625000 ) (-1963.199951 2785.179932 80.625000 ) (-1991.720459 2875.622803 80.625000 ) 
4 40 42 (-1478.363770 2048 80.625000 ) (-2048 2048 80.625000 ) (-2048 2758.441895 80.625000 ) (-1772.670410 2845.255127 80.625000 ) 
4 40 41 (-1024 2048 80.625000 ) (-1478.363770 2048 80.625000 ) (-1856.373291 3072 80.625000 ) (-1024 3072 80.625000 ) 
4 41 48 (-1478.363770 2048 64 ) (-1024 2048 64 ) (-1024 2048 80.625000 ) (-1478.363770 2048 80.625000 ) 
4 41 44 (-1024 2240 64 ) (-1024 2048 64 ) (-1478.363770 2048 64 ) (-1549.240601 2240 64 ) 
4 41 43 (-1805.319092 2933.700195 64 ) (-1772.669678 2845.255371 64 ) (-1772.669800 2845.255371 80.625000 ) (-1805.319092 2933.699951 80.625000 ) 
4 41 42 (-1772.669678 2845.255371 64 ) (-1478.363281 2048 64 ) (-1478.363037 2048 80.625000 ) (-1772.669800 2845.255371 80.625000 ) 
4 42 92 (-2048 2048 64 ) (-2048 2048 80.625000 ) (-2048 2758.441895 80.625000 ) (-2048 2758.441895 64 ) 
4 42 48 (-2048 2048 80.625000 ) (-2048 2048 64 ) (-1478.363770 2048 64 ) (-1478.363770 2048 80.625000 ) 
4 42 44 (-1478.363770 2048 64 ) (-2048 2048 64 ) (-2048 2240 64 ) (-1549.240601 2240 64 ) 
4 42 43 (-1772.673828 2845.253906 80.625000 ) (-1772.673828 2845.253906 64 ) (-1963.199951 2785.179688 64 ) (-1963.200317 2785.180664 80.625000 ) 
4 44 97 (-2048 2048 0 ) (-2048 2048 64 ) (-2048 2240 64 ) (-2048 2240 0 ) 
4 44 48 (-2048 2048 64 ) (-2048 2048 0 ) (-1024 2048 0 ) (-1024 2048 64 ) 
4 44 45 (-1024 2048 0 ) (-2048 2048 0 ) (-2048 2240 0 ) (-1024 2240 0 ) 
4 45 98 (-2048 2048 -416 ) (-2048 2048 0 ) (-2048 3072 0 ) (-2048 3072 -416 ) 
4 45 48 (-2048 2048 0 ) (-2048 2048 -416 ) (-1024 2048 -416 ) (-1024 2048 0 ) 
4 46 47 (0 2048 1952 ) (0 2048 -416 ) (0 1120 -416 ) (0 1120 1952 ) 
4 47 48 (-1024 2048 1952 ) (-1024 2048 -416 ) (-1024 1120 -416 ) (-1024 1120 1952 ) 
4 48 103 (-2048 1120 1952 ) (-2048 2048 1952 ) (-2048 2048 -416 ) (-2048 1120 -416 ) 
4 49 54 (-2048 5120 -416 ) (-2048 5120 64 ) (-3072 5120 64 ) (-3072 5120 -416 ) 
4 49 52 (-2048 5120 64 ) (-2048 5120 80.625000 ) (-3072 5120 80.625000 ) (-3072 5120 64 ) 
4 49 51 (-2048 5120 80.625000 ) (-2048 5120 1952 ) (-3072 5120 1952 ) (-3072 5120 80.625000 ) 
4 49 50 (-3072 5856 -416 ) (-3072 5120 -416 ) (-3072 5120 1952 ) (-3072 5856 1952 ) 
4 50 62 (-4096 5120 -416 ) (-4096 5120 1952 ) (-4096 5856 1952 ) (-4096 5856 -416 ) 
4 50 59 (-3712 5120 -416 ) (-3072 5120 -416 ) (-3072 5120 64 ) (-3712 5120 64 ) 
4 50 61 (-4096 5120 64 ) (-4096 5120 -416 ) (-3712 5120 -416 ) (-3712 5120 64 ) 
4 50 57 (-4096 5120 80.625000 ) (-4096 5120 64 ) (-3072 5120 64 ) (-3072 5120 80.625000 ) 
4 50 56 (-4096 5120 1952 ) (-4096 5120 80.625000 ) (-3072 5120 80.625000 ) (-3072 5120 1952 ) 
4 51 66 (-2048 4096 80.625000 ) (-2048 4096 1952 ) (-3072 4096 1952 ) (-3072 4096 80.625000 ) 
4 51 56 (-3072 5120 1952 ) (-3072 5120 80.625000 ) (-3072 4096 80.625000 ) (-3072 4096 1952 ) 
4 51 53 (-2051.271729 4096 80.625000 ) (-3072 4096 80.625000 ) (-3072 4323.185547 80.625000 ) (-2049.469971 4125.459961 80.625000 ) 
4 51 52 (-3072 5120 80.625000 ) (-2048 5120 80.625000 ) (-2048 4125.175781 80.625000 ) (-3072 4323.185547 80.625000 ) 
4 52 57 (-3072 5120 80.625000 ) (-3072 5120 64 ) (-3072 4323.185547 64 ) (-3072 4323.185547 80.625000 ) 
4 52 54 (-3072 5120 64 ) (-2048 5120 64 ) (-2048 4800 64 ) (-3072 4800 64 ) 
4 52 53 (-3072 4323.185547 64 ) (-2049.469971 4125.459961 64 ) (-2049.469971 4125.460449 80.625000 ) (-3072 4323.186523 80.625000 ) 
4 53 78 (-2051.271729 4096 80.625000 ) (-2160.593994 4096 80.625000 ) (-2160.593994 4096 64 ) (-2051.271729 4096 64 ) 
4 53 74 (-2160.593994 4096 80.625000 ) (-3072 4096 80.625000 ) (-3072 4096 64 ) (-2160.593994 4096 64 ) 
4 53 57 (-3072 4323.185547 64 ) (-3072 4096 64 ) (-3072 4096 80.625000 ) (-3072 4323.185547 80.625000 ) 
4 54 59 (-3072 5120 64 ) (-3072 5120 -416 ) (-3072 4800 -416 ) (-3072 4800 64 ) 
4 54 55 (-3072 4800 -416 ) (-2048 4800 -416 ) (-2048 4800 0 ) (-3072 4800 0 ) 
4 55 81 (-2048 4096 -416 ) (-2048 4096 0 ) (-3072 4096 0 ) (-3072 4096 -416 ) 
4 55 60 (-3072 4800 -416 ) (-3072 4096 -416 ) (-3072 4096 0 ) (-3072 4800 0 ) 
4 56 82 (-3072 4096 80.625000 ) (-3072 4096 1952 ) (-4096 4096 1952 ) (-4096 4096 80.625000 ) 
4 56 63 (-4096 4096 80.625000 ) (-4096 4096 1952 ) (-4096 5120 1952 ) (-4096 5120 80.625000 ) 
4 56 58 (-4096 4096 80.625000 ) (-4096 4207.161133 80.625000 ) (-3218.570068 4107.180176 80.625000 ) (-3219.843750 4096 80.625000 ) 
5 56 57 (-4096 4207.161133 80.625000 ) (-4096 5120 80.625000 ) (-3072 5120 80.625000 ) (-3072 4096 80.625000 ) (-3120.453125 4096 80.625000 ) 
4 57 86 (-3072 4096 64 ) (-3072 4096 80.625000 ) (-3120.453125 4096 80.625000 ) (-3120.453125 4096 64 ) 
4 57 63 (-4096 4207.161133 80.625000 ) (-4096 5120 80.625000 ) (-4096 5120 64 ) (-4096 4207.161133 64 ) 
4 57 59 (-3712 5120 64 ) (-3072 5120 64 ) (-3072 4800 64 ) (-3712 4800 64 ) 
4 57 61 (-4096 4207.161133 64 ) (-4096 5120 64 ) (-3712 5120 64 ) (-3712 4163.405273 64 ) 
4 57 58 (-4096 4207.160645 64 ) (-3218.570068 4107.179688 64 ) (-3218.570313 4107.178711 80.625000 ) (-4096 4207.159668 80.625000 ) 
4 58 87 (-3219.843750 4096 80.625000 ) (-4096 4096 80.625000 ) (-4096 4096 64 ) (-3219.843750 4096 64 ) 
4 58 63 (-4096 4096 64 ) (-4096 4096 80.625000 ) (-4096 4207.161133 80.625000 ) (-4096 4207.161133 64 ) 
4 58 61 (-4096 4096 64 ) (-4096 4207.161133 64 ) (-3712 4163.405273 64 ) (-3712 4096 64 ) 
4 59 60 (-3712 4800 0 ) (-3712 4800 -416 ) (-3072 4800 -416 ) (-3072 4800 0 ) 
4 59 61 (-3712 5120 -416 ) (-3712 4800 -416 ) (-3712 4800 64 ) (-3712 5120 64 ) 
4 60 88 (-3072 4096 -416 ) (-3072 4096 0 ) (-3712 4096 0 ) (-3712 4096 -416 ) 
4 60 61 (-3712 4800 -416 ) (-3712 4096 -416 ) (-3712 4096 0 ) (-3712 4800 0 ) 
4 61 89 (-3712 4096 64 ) (-4096 4096 64 ) (-4096 4096 -416 ) (-3712 4096 -416 ) 
4 61 63 (-4096 4096 -416 ) (-4096 4096 64 ) (-4096 5120 64 ) (-4096 5120 -416 ) 
4 62 64 (-5120 5120 -416 ) (-5120 5120 1952 ) (-5120 5856 1952 ) (-5120 5856 -416 ) 
4 62 63 (-4096 5120 -416 ) (-4096 5120 1952 ) (-5120 5120 1952 ) (-5120 5120 -416 ) 
4 63 105 (-4096 4096 -416 ) (-4096 4096 1952 ) (-5120 4096 1952 ) (-5120 4096 -416 ) 
4 63 65 (-5120 4096 -416 ) (-5120 4096 1952 ) (-5120 5120 1952 ) (-5120 5120 -416 ) 
4 64 65 (-5120 5120 -416 ) (-5120 5120 1952 ) (-5152 5120 1952 ) (-5152 5120 -416 ) 
4 65 107 (-5120 4096 -416 ) (-5120 4096 1952 ) (-5152 4096 1952 ) (-5152 4096 -416 ) 
4 66 90 (-2048 3072 80.625000 ) (-2048 3072 1952 ) (-3072 3072 1952 ) (-3072 3072 80.625000 ) 
4 66 82 (-3072 3072 80.625000 ) (-3072 3072 1952 ) (-3072 4096 1952 ) (-3072 4096 80.625000 ) 
4 66 80 (-2818.577393 3907.711426 80.625000 ) (-2425.169922 3879.770020 80.625000 ) (-2428.340576 3827.930420 80.625000 ) (-2822.550049 3872.839600 80.625000 ) 
4 66 79 (-2823.602051 3872.959473 80.625000 ) (-2428.340576 3827.930420 80.625000 ) (-2438.899902 3655.294434 80.625000 ) (-2843.149902 3701.350342 80.625000 ) 
4 66 78 (-2160.593994 4096 80.625000 ) (-2051.271729 4096 80.625000 ) (-2062.004639 3920.511230 80.625000 ) (-2176.629639 3927.520020 80.625000 ) 
4 66 77 (-2048 3856.869873 80.625000 ) (-2048 3854.768066 80.625000 ) (-2063.689941 3855.580078 80.625000 ) (-2063.591309 3857.823242 80.625000 ) 
3 66 76 (-2048 3854.768066 80.625000 ) (-2048 3852.981689 80.625000 ) (-2140.739502 3859.568359 80.625000 ) 
4 66 75 (-2801.270020 4059.629883 80.625000 ) (-2170.892334 3987.799805 80.625000 ) (-2182.812988 3862.556641 80.625000 ) (-2818.577393 3907.711426 80.625000 ) 
4 66 74 (-3072 4090.479004 80.625000 ) (-3072 4096 80.625000 ) (-2160.593994 4096 80.625000 ) (-2170.892334 3987.799805 80.625000 ) 
4 66 73 (-2173.239746 3117.599365 80.625000 ) (-2158.992676 3072 80.625000 ) (-2160.325195 3072 80.625000 ) (-2174.179932 3117.310059 80.625000 ) 
5 66 72 (-3072 3072 80.625000 ) (-3072 3300.657959 80.625000 ) (-2220.550049 3269.020264 80.625000 ) (-2173.239746 3117.599365 80.625000 ) (-2321.486328 3072 80.625000 ) 
4 66 71 (-2384.789795 3276.019775 80.625000 ) (-2461.898193 3279.292969 80.625000 ) (-2440.859863 3623.249756 80.625000 ) (-2352.744873 3617.860840 80.625000 ) 
3 66 69 (-2215.244629 3268.822998 80.625000 ) (-2461.977783 3277.990967 80.625000 ) (-2461.898193 3279.292969 80.625000 ) 
5 66 68 (-2911.159668 3709.098633 80.625000 ) (-2438.899902 3655.294434 80.625000 ) (-2461.252930 3289.842041 80.625000 ) (-2941.420166 3323.419922 80.625000 ) (-2921.323975 3610.806641 80.625000 ) 
4 66 67 (-3072 3300.657959 80.625000 ) (-3072 3332.551270 80.625000 ) (-2461.252930 3289.842041 80.625000 ) (-2461.977783 3277.990967 80.625000 ) 
4 67 84 (-3072 3300.657959 80.625000 ) (-3072 3332.551270 80.625000 ) (-3072 3332.551270 64 ) (-3072 3300.657959 64 ) 
4 67 72 (-3072 3300.657471 64 ) (-2461.978027 3277.990723 64 ) (-2461.978027 3277.990723 80.625000 ) (-3072 3300.657471 80.625000 ) 
4 67 71 (-2461.898682 3279.292969 64 ) (-2461.253418 3289.842041 64 ) (-2461.253418 3289.842041 80.625000 ) (-2461.898682 3279.292969 80.625000 ) 
4 67 69 (-2461.978271 3277.990234 80.625000 ) (-2461.978271 3277.990234 64 ) (-2461.898682 3279.292969 64 ) (-2461.898682 3279.292969 80.625000 ) 
4 67 68 (-2461.250000 3289.841797 80.625000 ) (-2461.250000 3289.841797 64 ) (-2941.420166 3323.419678 64 ) (-2941.420166 3323.419922 80.625000 ) 
4 68 79 (-2438.900146 3655.293701 64 ) (-2843.149902 3701.349609 64 ) (-2843.149902 3701.350830 80.625000 ) (-2438.899902 3655.294922 80.625000 ) 
4 68 71 (-2461.253418 3289.842041 64 ) (-2440.860107 3623.249756 64 ) (-2440.860107 3623.249756 80.625000 ) (-2461.253418 3289.842041 80.625000 ) 
4 69 72 (-2461.978027 3277.990723 64 ) (-2220.550049 3269.019775 64 ) (-2220.550049 3269.019775 80.625000 ) (-2461.978027 3277.990723 80.625000 ) 
4 69 71 (-2384.790039 3276.019775 64 ) (-2461.900391 3279.292969 64 ) (-2461.900391 3279.292969 80.625000 ) (-2384.790039 3276.019775 80.625000 ) 
4 70 71 (-2440.871094 3623.087646 80.625000 ) (-2440.871094 3623.087646 64 ) (-2352.760010 3617.699219 64 ) (-2352.760010 3617.699219 80.625000 ) 
4 72 91 (-2321.486328 3072 80.625000 ) (-3072 3072 80.625000 ) (-3072 3072 64 ) (-2321.486328 3072 64 ) 
4 72 84 (-3072 3072 64 ) (-3072 3072 80.625000 ) (-3072 3300.657959 80.625000 ) (-3072 3300.657959 64 ) 
4 72 73 (-2174.179932 3117.310303 64 ) (-2173.236328 3117.600586 64 ) (-2173.236328 3117.600586 80.625000 ) (-2174.179932 3117.310303 80.625000 ) 
4 73 95 (-2158.992676 3072 80.625000 ) (-2160.325195 3072 80.625000 ) (-2160.325195 3072 64 ) (-2158.992676 3072 64 ) 
4 74 86 (-3072 4090.479004 80.625000 ) (-3072 4096 80.625000 ) (-3072 4096 64 ) (-3072 4090.479004 64 ) 
4 74 78 (-2170.892822 3987.799805 64 ) (-2160.594238 4096 64 ) (-2160.594727 4096 80.625000 ) (-2170.893066 3987.799805 80.625000 ) 
4 74 75 (-2801.270020 4059.629395 64 ) (-2170.894531 3987.799561 64 ) (-2170.894531 3987.799561 80.625000 ) (-2801.270264 4059.629395 80.625000 ) 
4 75 80 (-2818.577393 3907.710938 64 ) (-2425.169922 3879.769287 64 ) (-2425.169678 3879.769775 80.625000 ) (-2818.577393 3907.711426 80.625000 ) 
4 75 78 (-2176.630371 3927.520264 64 ) (-2170.892822 3987.799805 64 ) (-2170.893066 3987.799805 80.625000 ) (-2176.630371 3927.520264 80.625000 ) 
4 76 77 (-2048 3854.768555 64 ) (-2063.689941 3855.580566 64 ) (-2063.689941 3855.580566 80.625000 ) (-2048 3854.768555 80.625000 ) 
4 79 80 (-2428.340576 3827.930176 64 ) (-2822.550293 3872.839355 64 ) (-2822.550293 3872.839355 80.625000 ) (-2428.340576 3827.930176 80.625000 ) 
4 81 98 (-2048 3072 -416 ) (-2048 3072 0 ) (-3072 3072 0 ) (-3072 3072 -416 ) 
4 81 88 (-3072 3072 -416 ) (-3072 3072 0 ) (-3072 4096 0 ) (-3072 4096 -416 ) 
4 82 105 (-4096 4096 1952 ) (-4096 4096 80.625000 ) (-4096 3072 80.625000 ) (-4096 3072 1952 ) 
4 82 99 (-3712 3072 80.625000 ) (-3072 3072 80.625000 ) (-3072 3072 1952 ) (-3712 3072 1952 ) 
4 82 101 (-4096 3072 1952 ) (-4096 3072 80.625000 ) (-3712 3072 80.625000 ) (-3712 3072 1952 ) 
4 82 87 (-4096 4017.914307 80.625000 ) (-4096 4096 80.625000 ) (-3219.843750 4096 80.625000 ) (-3239.850098 3920.379639 80.625000 ) 
3 82 86 (-3120.453125 4096 80.625000 ) (-3072 4096 80.625000 ) (-3072 4090.479004 80.625000 ) 
4 82 85 (-4096 3844.086670 80.625000 ) (-4096 4017.914307 80.625000 ) (-3239.902344 3920.385742 80.625000 ) (-3259.459961 3748.780273 80.625000 ) 
4 82 84 (-3072 3072 80.625000 ) (-3289.834473 3072 80.625000 ) (-3270.648682 3346.442627 80.625000 ) (-3072 3332.551270 80.625000 ) 
4 82 83 (-3289.834473 3072 80.625000 ) (-4096 3072 80.625000 ) (-4096 3844.086670 80.625000 ) (-3242.655518 3746.865723 80.625000 ) 
4 83 105 (-4096 3844.086670 64 ) (-4096 3072 64 ) (-4096 3072 80.625000 ) (-4096 3844.086670 80.625000 ) 
4 83 99 (-3712 3072 64 ) (-3289.834473 3072 64 ) (-3289.834473 3072 80.625000 ) (-3712 3072 80.625000 ) 
4 83 101 (-4096 3072 80.625000 ) (-4096 3072 64 ) (-3712 3072 64 ) (-3712 3072 80.625000 ) 
4 83 89 (-3712 3072 64 ) (-4096 3072 64 ) (-4096 3844.086670 64 ) (-3712 3800.337891 64 ) 
4 83 85 (-3259.459961 3748.779541 64 ) (-4096 3844.085938 64 ) (-4096 3844.086914 80.625000 ) (-3259.459717 3748.780518 80.625000 ) 
4 83 84 (-3289.834961 3072 64 ) (-3270.648926 3346.442627 64 ) (-3270.648682 3346.442627 80.625000 ) (-3289.834717 3072 80.625000 ) 
4 84 99 (-3289.834473 3072 64 ) (-3072 3072 64 ) (-3072 3072 80.625000 ) (-3289.834473 3072 80.625000 ) 
4 85 105 (-4096 4017.914307 64 ) (-4096 3844.086670 64 ) (-4096 3844.086670 80.625000 ) (-4096 4017.914307 80.625000 ) 
4 85 89 (-3712 3800.337891 64 ) (-4096 3844.086670 64 ) (-4096 4017.914307 64 ) (-3712 3974.168213 64 ) 
4 85 87 (-3239.902588 3920.385254 64 ) (-4096 4017.913574 64 ) (-4096 4017.913818 80.625000 ) (-3239.902344 3920.385254 80.625000 ) 
4 87 105 (-4096 4096 80.625000 ) (-4096 4096 64 ) (-4096 4017.914307 64 ) (-4096 4017.914307 80.625000 ) 
4 87 89 (-3712 3974.168213 64 ) (-4096 4017.914307 64 ) (-4096 4096 64 ) (-3712 4096 64 ) 
4 88 102 (-3712 3072 -416 ) (-3072 3072 -416 ) (-3072 3072 0 ) (-3712 3072 0 ) 
4 88 89 (-3712 4096 -416 ) (-3712 3072 -416 ) (-3712 3072 0 ) (-3712 4096 0 ) 
4 89 105 (-4096 4096 64 ) (-4096 4096 -416 ) (-4096 3072 -416 ) (-4096 3072 64 ) 
4 89 102 (-4096 3072 0 ) (-4096 3072 -416 ) (-3712 3072 -416 ) (-3712 3072 0 ) 
4 89 101 (-4096 3072 64 ) (-4096 3072 0 ) (-3712 3072 0 ) (-3712 3072 64 ) 
4 90 103 (-2048 2048 80.625000 ) (-2048 2048 1952 ) (-3072 2048 1952 ) (-3072 2048 80.625000 ) 
4 90 99 (-3072 3072 1952 ) (-3072 3072 80.625000 ) (-3072 2240 80.625000 ) (-3072 2240 1952 ) 
4 90 100 (-3072 2240 80.625000 ) (-3072 2048 80.625000 ) (-3072 2048 1952 ) (-3072 2240 1952 ) 
4 90 96 (-2233.940918 2799.181152 80.625000 ) (-2205.439941 2708.800049 80.625000 ) (-2297.640869 2679.728516 80.625000 ) (-2340.569824 2765.570068 80.625000 ) 
4 90 95 (-2160.325195 3072 80.625000 ) (-2158.992676 3072 80.625000 ) (-2088.186523 2845.379150 80.625000 ) (-2090.780518 2844.561279 80.625000 ) 
4 90 93 (-3072 2435.567627 80.625000 ) (-3072 2841.148682 80.625000 ) (-2470.840088 3026.060059 80.625000 ) (-2297.640869 2679.728516 80.625000 ) 
4 90 92 (-2048 2048 80.625000 ) (-3072 2048 80.625000 ) (-3072 2435.567627 80.625000 ) (-2048 2758.441895 80.625000 ) 
3 90 91 (-3072 2841.148682 80.625000 ) (-3072 3072 80.625000 ) (-2321.486328 3072 80.625000 ) 
4 91 99 (-3072 3072 80.625000 ) (-3072 3072 64 ) (-3072 2841.148682 64 ) (-3072 2841.148682 80.625000 ) 
4 91 93 (-3072 2841.149902 64 ) (-2470.840332 3026.061035 64 ) (-2470.840332 3026.061035 80.625000 ) (-3072 2841.149902 80.625000 ) 
4 92 103 (-2048 2048 64 ) (-2048 2048 80.625000 ) (-3072 2048 80.625000 ) (-3072 2048 64 ) 
4 92 99 (-3072 2435.567627 64 ) (-3072 2240 64 ) (-3072 2240 80.625000 ) (-3072 2435.567627 80.625000 ) 
4 92 100 (-3072 2240 64 ) (-3072 2048 64 ) (-3072 2048 80.625000 ) (-3072 2240 80.625000 ) 
4 92 97 (-2048 2240 64 ) (-2048 2048 64 ) (-3072 2048 64 ) (-3072 2240 64 ) 
4 92 96 (-2205.439941 2708.800537 64 ) (-2297.641113 2679.729004 64 ) (-2297.641113 2679.729004 80.625000 ) (-2205.439941 2708.800537 80.625000 ) 
4 92 93 (-2297.641113 2679.729004 64 ) (-3072 2435.568359 64 ) (-3072 2435.568359 80.625000 ) (-2297.641113 2679.729004 80.625000 ) 
4 93 99 (-3072 2841.148682 64 ) (-3072 2435.567627 64 ) (-3072 2435.567627 80.625000 ) (-3072 2841.148682 80.625000 ) 
4 93 96 (-2297.642578 2679.730469 80.625000 ) (-2297.642578 2679.730469 64 ) (-2340.570557 2765.570068 64 ) (-2340.570557 2765.570068 80.625000 ) 
4 94 95 (-2088.240234 2845.550293 64 ) (-2090.835938 2844.741455 64 ) (-2090.835938 2844.741455 80.625000 ) (-2088.240234 2845.550293 80.625000 ) 
4 97 103 (-2048 2048 0 ) (-2048 2048 64 ) (-3072 2048 64 ) (-3072 2048 0 ) 
4 97 100 (-3072 2240 0 ) (-3072 2048 0 ) (-3072 2048 64 ) (-3072 2240 64 ) 
4 97 98 (-2048 2048 0 ) (-3072 2048 0 ) (-3072 2240 0 ) (-2048 2240 0 ) 
4 98 103 (-2048 2048 -416 ) (-2048 2048 0 ) (-3072 2048 0 ) (-3072 2048 -416 ) 
4 98 102 (-3072 3072 0 ) (-3072 3072 -416 ) (-3072 2048 -416 ) (-3072 2048 0 ) 
4 99 100 (-3712 2240 1952 ) (-3712 2240 64 ) (-3072 2240 64 ) (-3072 2240 1952 ) 
4 99 101 (-3712 2240 64 ) (-3712 2240 1952 ) (-3712 3072 1952 ) (-3712 3072 64 ) 
4 100 104 (-3072 2048 0 ) (-3072 2048 1952 ) (-3712 2048 1952 ) (-3712 2048 0 ) 
4 100 102 (-3072 2240 0 ) (-3072 2048 0 ) (-3712 2048 0 ) (-3712 2240 0 ) 
4 100 101 (-3712 2240 0 ) (-3712 2048 0 ) (-3712 2048 1952 ) (-3712 2240 1952 ) 
4 101 106 (-4096 2048 0 ) (-4096 2048 1952 ) (-4096 3072 1952 ) (-4096 3072 0 ) 
4 101 104 (-3712 2048 1952 ) (-4096 2048 1952 ) (-4096 2048 0 ) (-3712 2048 0 ) 
4 101 102 (-4096 2048 0 ) (-4096 3072 0 ) (-3712 3072 0 ) (-3712 2048 0 ) 
4 102 106 (-4096 2048 -416 ) (-4096 2048 0 ) (-4096 3072 0 ) (-4096 3072 -416 ) 
4 102 104 (-3072 2048 -416 ) (-3072 2048 0 ) (-4096 2048 0 ) (-4096 2048 -416 ) 
4 103 104 (-3072 1120 1952 ) (-3072 2048 1952 ) (-3072 2048 -416 ) (-3072 1120 -416 ) 
4 104 109 (-4096 1120 1952 ) (-4096 2048 1952 ) (-4096 2048 -416 ) (-4096 1120 -416 ) 
4 105 107 (-5120 4096 1952 ) (-5120 4096 -416 ) (-5120 3072 -416 ) (-5120 3072 1952 ) 
4 105 106 (-4096 3072 -416 ) (-4096 3072 1952 ) (-5120 3072 1952 ) (-5120 3072 -416 ) 
4 106 109 (-4096 2048 -416 ) (-4096 2048 1952 ) (-5120 2048 1952 ) (-5120 2048 -416 ) 
4 106 108 (-5120 2048 -416 ) (-5120 2048 1952 ) (-5120 3072 1952 ) (-5120 3072 -416 ) 
4 107 108 (-5120 3072 -416 ) (-5120 3072 1952 ) (-5152 3072 1952 ) (-5152 3072 -416 ) 
4 108 110 (-5120 2048 -416 ) (-5120 2048 1952 ) (-5152 2048 1952 ) (-5152 2048 -416 ) 
4 109 110 (-5120 2048 1952 ) (-5120 2048 -416 ) (-5120 1120 -416 ) (-5120 1120 1952 ) 
